#
# A fatal error has been detected by the Java Runtime Environment:
#
#  EXCEPTION_ACCESS_VIOLATION (0xc0000005) at pc=0x5ecebf33, pid=16304, tid=16648
#
# JRE version: 7.0_15-b03
# Java VM: Java HotSpot(TM) Client VM (23.7-b01 mixed mode, sharing windows-x86 )
# Problematic frame:
# V  [jvm.dll+0xabf33]
#
# Failed to write core dump. Minidumps are not enabled by default on client versions of Windows
#
# If you would like to submit a bug report, please visit:
#   http://bugreport.sun.com/bugreport/crash.jsp
#

---------------  T H R E A D  ---------------

Current thread (0x04406000):  JavaThread "AWT-EventQueue-0" [_thread_in_vm, id=16648, stack(0x05290000,0x052e0000)]

siginfo: ExceptionCode=0xc0000005, reading address 0x00000000

Registers:
EAX=0x00000000, EBX=0x34649f40, ECX=0x00000000, EDX=0x3464ef60
ESP=0x052da4c8, EBP=0x052da4dc, ESI=0x04406128, EDI=0x04406000
EIP=0x5ecebf33, EFLAGS=0x00010246

Top of Stack: (sp=0x052da4c8)
0x052da4c8:   04406000 00000006 04406000 04406128
0x052da4d8:   34649f40 052da4f8 564410a0 04406000
0x052da4e8:   00000000 00000000 04406000 34649f40
0x052da4f8:   052da534 01dea717 04406128 052da548
0x052da508:   00000000 043efc84 043efc8c 052da514
0x052da518:   00000000 052da548 3464ef60 00000000
0x052da528:   34649f40 00000000 052da544 052da56c
0x052da538:   01de340f 00000000 01de8989 00000000 

Instructions: (pc=0x5ecebf33)
0x5ecebf13:   00 00 74 0c e8 24 88 09 00 33 ff 89 7d 08 eb 05
0x5ecebf23:   89 4d 08 8b f9 6a 06 57 e8 80 7e f5 ff 8b 45 0c
0x5ecebf33:   8b 18 8b 73 08 83 c4 08 85 f6 75 3d a1 28 d9 f4
0x5ecebf43:   5e 85 c0 75 30 e8 23 e8 0c 00 6a 00 8b f0 6a 00 


Register to memory mapping:

EAX=0x00000000 is an unknown value
EBX=0x34649f40 is an oop
{method} 
 - klass: {other class}
ECX=0x00000000 is an unknown value
EDX=0x3464ef60 is an oop
{constant pool cache} 
 - klass: {other class}
ESP=0x052da4c8 is pointing into the stack for thread: 0x04406000
EBP=0x052da4dc is pointing into the stack for thread: 0x04406000
ESI=0x04406128 is an unknown value
EDI=0x04406000 is a thread


Stack: [0x05290000,0x052e0000],  sp=0x052da4c8,  free space=297k
Native frames: (J=compiled Java code, j=interpreted, Vv=VM code, C=native code)
V  [jvm.dll+0xabf33]
C  [JdbcOdbc.dll+0x10a0]  Java_sun_jdbc_odbc_JdbcOdbc_bufferToInt+0x16
j  sun.jdbc.odbc.JdbcOdbc.bufferToInt([B)I+0
j  sun.jdbc.odbc.JdbcOdbcCallableStatement.getInt(I)I+19
j  quiz.GameWindowForm.nextButtonActionPerformed(Ljava/awt/event/ActionEvent;)V+345
j  quiz.GameWindowForm.access$000(Lquiz/GameWindowForm;Ljava/awt/event/ActionEvent;)V+2
j  quiz.GameWindowForm$1.actionPerformed(Ljava/awt/event/ActionEvent;)V+5
j  javax.swing.AbstractButton.fireActionPerformed(Ljava/awt/event/ActionEvent;)V+84
j  javax.swing.AbstractButton$Handler.actionPerformed(Ljava/awt/event/ActionEvent;)V+5
j  javax.swing.DefaultButtonModel.fireActionPerformed(Ljava/awt/event/ActionEvent;)V+35
j  javax.swing.DefaultButtonModel.setPressed(Z)V+117
j  javax.swing.plaf.basic.BasicButtonListener.mouseReleased(Ljava/awt/event/MouseEvent;)V+35
j  java.awt.Component.processMouseEvent(Ljava/awt/event/MouseEvent;)V+64
j  javax.swing.JComponent.processMouseEvent(Ljava/awt/event/MouseEvent;)V+23
j  java.awt.Component.processEvent(Ljava/awt/AWTEvent;)V+81
j  java.awt.Container.processEvent(Ljava/awt/AWTEvent;)V+18
j  java.awt.Component.dispatchEventImpl(Ljava/awt/AWTEvent;)V+581
j  java.awt.Container.dispatchEventImpl(Ljava/awt/AWTEvent;)V+42
j  java.awt.Component.dispatchEvent(Ljava/awt/AWTEvent;)V+2
j  java.awt.LightweightDispatcher.retargetMouseEvent(Ljava/awt/Component;ILjava/awt/event/MouseEvent;)V+327
j  java.awt.LightweightDispatcher.processMouseEvent(Ljava/awt/event/MouseEvent;)Z+139
j  java.awt.LightweightDispatcher.dispatchEvent(Ljava/awt/AWTEvent;)Z+50
j  java.awt.Container.dispatchEventImpl(Ljava/awt/AWTEvent;)V+12
j  java.awt.Window.dispatchEventImpl(Ljava/awt/AWTEvent;)V+19
j  java.awt.Component.dispatchEvent(Ljava/awt/AWTEvent;)V+2
j  java.awt.EventQueue.dispatchEventImpl(Ljava/awt/AWTEvent;Ljava/lang/Object;)V+41
j  java.awt.EventQueue.access$200(Ljava/awt/EventQueue;Ljava/awt/AWTEvent;Ljava/lang/Object;)V+3
j  java.awt.EventQueue$3.run()Ljava/lang/Void;+12
j  java.awt.EventQueue$3.run()Ljava/lang/Object;+1
v  ~StubRoutines::call_stub
V  [jvm.dll+0x12a34a]
V  [jvm.dll+0x1d968e]
V  [jvm.dll+0x12a3cd]
V  [jvm.dll+0xd9d0a]
C  [java.dll+0x102f]  Java_java_security_AccessController_doPrivileged__Ljava_security_PrivilegedAction_2Ljava_security_AccessControlContext_2+0x17
j  java.security.ProtectionDomain$1.doIntersectionPrivilege(Ljava/security/PrivilegedAction;Ljava/security/AccessControlContext;Ljava/security/AccessControlContext;)Ljava/lang/Object;+28
j  java.security.ProtectionDomain$1.doIntersectionPrivilege(Ljava/security/PrivilegedAction;Ljava/security/AccessControlContext;)Ljava/lang/Object;+6
j  java.awt.EventQueue$4.run()Ljava/lang/Void;+11
j  java.awt.EventQueue$4.run()Ljava/lang/Object;+1
v  ~StubRoutines::call_stub
V  [jvm.dll+0x12a34a]
V  [jvm.dll+0x1d968e]
V  [jvm.dll+0x12a3cd]
V  [jvm.dll+0xd9d0a]
C  [java.dll+0x102f]  Java_java_security_AccessController_doPrivileged__Ljava_security_PrivilegedAction_2Ljava_security_AccessControlContext_2+0x17
j  java.security.ProtectionDomain$1.doIntersectionPrivilege(Ljava/security/PrivilegedAction;Ljava/security/AccessControlContext;Ljava/security/AccessControlContext;)Ljava/lang/Object;+28
j  java.awt.EventQueue.dispatchEvent(Ljava/awt/AWTEvent;)V+73
J  java.awt.EventDispatchThread.pumpOneEventForFilters(I)V
j  java.awt.EventDispatchThread.pumpEventsForFilter(Ljava/awt/Conditional;Ljava/awt/EventFilter;)V+4
j  java.awt.WaitDispatchSupport$2.run()V+59
j  java.awt.WaitDispatchSupport$4.run()Ljava/lang/Object;+4
v  ~StubRoutines::call_stub
V  [jvm.dll+0x12a34a]
V  [jvm.dll+0x1d968e]
V  [jvm.dll+0x12a3cd]
V  [jvm.dll+0xd9d0a]
C  [java.dll+0x1015]  Java_java_security_AccessController_doPrivileged__Ljava_security_PrivilegedAction_2+0x15
j  java.awt.WaitDispatchSupport.enter()Z+231
j  java.awt.Dialog.show()V+233
j  java.awt.Component.show(Z)V+5
j  java.awt.Component.setVisible(Z)V+2
j  java.awt.Window.setVisible(Z)V+2
j  java.awt.Dialog.setVisible(Z)V+2
j  quiz.GatewayForm.moviesButtonActionPerformed(Ljava/awt/event/ActionEvent;)V+18
j  quiz.GatewayForm.access$000(Lquiz/GatewayForm;Ljava/awt/event/ActionEvent;)V+2
j  quiz.GatewayForm$1.actionPerformed(Ljava/awt/event/ActionEvent;)V+5
j  javax.swing.AbstractButton.fireActionPerformed(Ljava/awt/event/ActionEvent;)V+84
j  javax.swing.AbstractButton$Handler.actionPerformed(Ljava/awt/event/ActionEvent;)V+5
j  javax.swing.DefaultButtonModel.fireActionPerformed(Ljava/awt/event/ActionEvent;)V+35
j  javax.swing.DefaultButtonModel.setPressed(Z)V+117
j  javax.swing.plaf.basic.BasicButtonListener$Actions.actionPerformed(Ljava/awt/event/ActionEvent;)V+70
j  javax.swing.SwingUtilities.notifyAction(Ljavax/swing/Action;Ljavax/swing/KeyStroke;Ljava/awt/event/KeyEvent;Ljava/lang/Object;I)Z+132
j  javax.swing.JComponent.processKeyBinding(Ljavax/swing/KeyStroke;Ljava/awt/event/KeyEvent;IZ)Z+72
j  javax.swing.JComponent.processKeyBindings(Ljava/awt/event/KeyEvent;Z)Z+111
j  javax.swing.JComponent.processKeyEvent(Ljava/awt/event/KeyEvent;)V+51
j  java.awt.Component.processEvent(Ljava/awt/AWTEvent;)V+121
j  java.awt.Container.processEvent(Ljava/awt/AWTEvent;)V+18
j  java.awt.Component.dispatchEventImpl(Ljava/awt/AWTEvent;)V+581
j  java.awt.Container.dispatchEventImpl(Ljava/awt/AWTEvent;)V+42
j  java.awt.Component.dispatchEvent(Ljava/awt/AWTEvent;)V+2
j  java.awt.KeyboardFocusManager.redispatchEvent(Ljava/awt/Component;Ljava/awt/AWTEvent;)V+7
j  java.awt.DefaultKeyboardFocusManager.dispatchKeyEvent(Ljava/awt/event/KeyEvent;)Z+63
j  java.awt.DefaultKeyboardFocusManager.preDispatchKeyEvent(Ljava/awt/event/KeyEvent;)Z+140
j  java.awt.DefaultKeyboardFocusManager.typeAheadAssertions(Ljava/awt/Component;Ljava/awt/AWTEvent;)Z+154
j  java.awt.DefaultKeyboardFocusManager.dispatchEvent(Ljava/awt/AWTEvent;)Z+1548
j  java.awt.Component.dispatchEventImpl(Ljava/awt/AWTEvent;)V+144
j  java.awt.Container.dispatchEventImpl(Ljava/awt/AWTEvent;)V+42
j  java.awt.Window.dispatchEventImpl(Ljava/awt/AWTEvent;)V+19
j  java.awt.Component.dispatchEvent(Ljava/awt/AWTEvent;)V+2
j  java.awt.EventQueue.dispatchEventImpl(Ljava/awt/AWTEvent;Ljava/lang/Object;)V+41
j  java.awt.EventQueue.access$200(Ljava/awt/EventQueue;Ljava/awt/AWTEvent;Ljava/lang/Object;)V+3
j  java.awt.EventQueue$3.run()Ljava/lang/Void;+12
j  java.awt.EventQueue$3.run()Ljava/lang/Object;+1
v  ~StubRoutines::call_stub
V  [jvm.dll+0x12a34a]
V  [jvm.dll+0x1d968e]
V  [jvm.dll+0x12a3cd]
V  [jvm.dll+0xd9d0a]
C  [java.dll+0x102f]  Java_java_security_AccessController_doPrivileged__Ljava_security_PrivilegedAction_2Ljava_security_AccessControlContext_2+0x17
j  java.security.ProtectionDomain$1.doIntersectionPrivilege(Ljava/security/PrivilegedAction;Ljava/security/AccessControlContext;Ljava/security/AccessControlContext;)Ljava/lang/Object;+28
...<more frames>...

Java frames: (J=compiled Java code, j=interpreted, Vv=VM code)
j  sun.jdbc.odbc.JdbcOdbc.bufferToInt([B)I+0
j  sun.jdbc.odbc.JdbcOdbcCallableStatement.getInt(I)I+19
j  quiz.GameWindowForm.nextButtonActionPerformed(Ljava/awt/event/ActionEvent;)V+345
j  quiz.GameWindowForm.access$000(Lquiz/GameWindowForm;Ljava/awt/event/ActionEvent;)V+2
j  quiz.GameWindowForm$1.actionPerformed(Ljava/awt/event/ActionEvent;)V+5
j  javax.swing.AbstractButton.fireActionPerformed(Ljava/awt/event/ActionEvent;)V+84
j  javax.swing.AbstractButton$Handler.actionPerformed(Ljava/awt/event/ActionEvent;)V+5
j  javax.swing.DefaultButtonModel.fireActionPerformed(Ljava/awt/event/ActionEvent;)V+35
j  javax.swing.DefaultButtonModel.setPressed(Z)V+117
j  javax.swing.plaf.basic.BasicButtonListener.mouseReleased(Ljava/awt/event/MouseEvent;)V+35
j  java.awt.Component.processMouseEvent(Ljava/awt/event/MouseEvent;)V+64
j  javax.swing.JComponent.processMouseEvent(Ljava/awt/event/MouseEvent;)V+23
j  java.awt.Component.processEvent(Ljava/awt/AWTEvent;)V+81
j  java.awt.Container.processEvent(Ljava/awt/AWTEvent;)V+18
j  java.awt.Component.dispatchEventImpl(Ljava/awt/AWTEvent;)V+581
j  java.awt.Container.dispatchEventImpl(Ljava/awt/AWTEvent;)V+42
j  java.awt.Component.dispatchEvent(Ljava/awt/AWTEvent;)V+2
j  java.awt.LightweightDispatcher.retargetMouseEvent(Ljava/awt/Component;ILjava/awt/event/MouseEvent;)V+327
j  java.awt.LightweightDispatcher.processMouseEvent(Ljava/awt/event/MouseEvent;)Z+139
j  java.awt.LightweightDispatcher.dispatchEvent(Ljava/awt/AWTEvent;)Z+50
j  java.awt.Container.dispatchEventImpl(Ljava/awt/AWTEvent;)V+12
j  java.awt.Window.dispatchEventImpl(Ljava/awt/AWTEvent;)V+19
j  java.awt.Component.dispatchEvent(Ljava/awt/AWTEvent;)V+2
j  java.awt.EventQueue.dispatchEventImpl(Ljava/awt/AWTEvent;Ljava/lang/Object;)V+41
j  java.awt.EventQueue.access$200(Ljava/awt/EventQueue;Ljava/awt/AWTEvent;Ljava/lang/Object;)V+3
j  java.awt.EventQueue$3.run()Ljava/lang/Void;+12
j  java.awt.EventQueue$3.run()Ljava/lang/Object;+1
v  ~StubRoutines::call_stub
j  java.security.AccessController.doPrivileged(Ljava/security/PrivilegedAction;Ljava/security/AccessControlContext;)Ljava/lang/Object;+0
j  java.security.ProtectionDomain$1.doIntersectionPrivilege(Ljava/security/PrivilegedAction;Ljava/security/AccessControlContext;Ljava/security/AccessControlContext;)Ljava/lang/Object;+28
j  java.security.ProtectionDomain$1.doIntersectionPrivilege(Ljava/security/PrivilegedAction;Ljava/security/AccessControlContext;)Ljava/lang/Object;+6
j  java.awt.EventQueue$4.run()Ljava/lang/Void;+11
j  java.awt.EventQueue$4.run()Ljava/lang/Object;+1
v  ~StubRoutines::call_stub
j  java.security.AccessController.doPrivileged(Ljava/security/PrivilegedAction;Ljava/security/AccessControlContext;)Ljava/lang/Object;+0
j  java.security.ProtectionDomain$1.doIntersectionPrivilege(Ljava/security/PrivilegedAction;Ljava/security/AccessControlContext;Ljava/security/AccessControlContext;)Ljava/lang/Object;+28
j  java.awt.EventQueue.dispatchEvent(Ljava/awt/AWTEvent;)V+73
J  java.awt.EventDispatchThread.pumpOneEventForFilters(I)V
j  java.awt.EventDispatchThread.pumpEventsForFilter(ILjava/awt/Conditional;Ljava/awt/EventFilter;)V+35
j  java.awt.EventDispatchThread.pumpEventsForFilter(Ljava/awt/Conditional;Ljava/awt/EventFilter;)V+4
j  java.awt.WaitDispatchSupport$2.run()V+59
j  java.awt.WaitDispatchSupport$4.run()Ljava/lang/Object;+4
v  ~StubRoutines::call_stub
j  java.security.AccessController.doPrivileged(Ljava/security/PrivilegedAction;)Ljava/lang/Object;+0
j  java.awt.WaitDispatchSupport.enter()Z+231
j  java.awt.Dialog.show()V+233
j  java.awt.Component.show(Z)V+5
j  java.awt.Component.setVisible(Z)V+2
j  java.awt.Window.setVisible(Z)V+2
j  java.awt.Dialog.setVisible(Z)V+2
j  quiz.GatewayForm.moviesButtonActionPerformed(Ljava/awt/event/ActionEvent;)V+18
j  quiz.GatewayForm.access$000(Lquiz/GatewayForm;Ljava/awt/event/ActionEvent;)V+2
j  quiz.GatewayForm$1.actionPerformed(Ljava/awt/event/ActionEvent;)V+5
j  javax.swing.AbstractButton.fireActionPerformed(Ljava/awt/event/ActionEvent;)V+84
j  javax.swing.AbstractButton$Handler.actionPerformed(Ljava/awt/event/ActionEvent;)V+5
j  javax.swing.DefaultButtonModel.fireActionPerformed(Ljava/awt/event/ActionEvent;)V+35
j  javax.swing.DefaultButtonModel.setPressed(Z)V+117
j  javax.swing.plaf.basic.BasicButtonListener$Actions.actionPerformed(Ljava/awt/event/ActionEvent;)V+70
j  javax.swing.SwingUtilities.notifyAction(Ljavax/swing/Action;Ljavax/swing/KeyStroke;Ljava/awt/event/KeyEvent;Ljava/lang/Object;I)Z+132
j  javax.swing.JComponent.processKeyBinding(Ljavax/swing/KeyStroke;Ljava/awt/event/KeyEvent;IZ)Z+72
j  javax.swing.JComponent.processKeyBindings(Ljava/awt/event/KeyEvent;Z)Z+111
j  javax.swing.JComponent.processKeyEvent(Ljava/awt/event/KeyEvent;)V+51
j  java.awt.Component.processEvent(Ljava/awt/AWTEvent;)V+121
j  java.awt.Container.processEvent(Ljava/awt/AWTEvent;)V+18
j  java.awt.Component.dispatchEventImpl(Ljava/awt/AWTEvent;)V+581
j  java.awt.Container.dispatchEventImpl(Ljava/awt/AWTEvent;)V+42
j  java.awt.Component.dispatchEvent(Ljava/awt/AWTEvent;)V+2
j  java.awt.KeyboardFocusManager.redispatchEvent(Ljava/awt/Component;Ljava/awt/AWTEvent;)V+7
j  java.awt.DefaultKeyboardFocusManager.dispatchKeyEvent(Ljava/awt/event/KeyEvent;)Z+63
j  java.awt.DefaultKeyboardFocusManager.preDispatchKeyEvent(Ljava/awt/event/KeyEvent;)Z+140
j  java.awt.DefaultKeyboardFocusManager.typeAheadAssertions(Ljava/awt/Component;Ljava/awt/AWTEvent;)Z+154
j  java.awt.DefaultKeyboardFocusManager.dispatchEvent(Ljava/awt/AWTEvent;)Z+1548
j  java.awt.Component.dispatchEventImpl(Ljava/awt/AWTEvent;)V+144
j  java.awt.Container.dispatchEventImpl(Ljava/awt/AWTEvent;)V+42
j  java.awt.Window.dispatchEventImpl(Ljava/awt/AWTEvent;)V+19
j  java.awt.Component.dispatchEvent(Ljava/awt/AWTEvent;)V+2
j  java.awt.EventQueue.dispatchEventImpl(Ljava/awt/AWTEvent;Ljava/lang/Object;)V+41
j  java.awt.EventQueue.access$200(Ljava/awt/EventQueue;Ljava/awt/AWTEvent;Ljava/lang/Object;)V+3
j  java.awt.EventQueue$3.run()Ljava/lang/Void;+12
j  java.awt.EventQueue$3.run()Ljava/lang/Object;+1
v  ~StubRoutines::call_stub
j  java.security.AccessController.doPrivileged(Ljava/security/PrivilegedAction;Ljava/security/AccessControlContext;)Ljava/lang/Object;+0
j  java.security.ProtectionDomain$1.doIntersectionPrivilege(Ljava/security/PrivilegedAction;Ljava/security/AccessControlContext;Ljava/security/AccessControlContext;)Ljava/lang/Object;+28
j  java.security.ProtectionDomain$1.doIntersectionPrivilege(Ljava/security/PrivilegedAction;Ljava/security/AccessControlContext;)Ljava/lang/Object;+6
j  java.awt.EventQueue$4.run()Ljava/lang/Void;+11
j  java.awt.EventQueue$4.run()Ljava/lang/Object;+1
v  ~StubRoutines::call_stub
j  java.security.AccessController.doPrivileged(Ljava/security/PrivilegedAction;Ljava/security/AccessControlContext;)Ljava/lang/Object;+0
j  java.security.ProtectionDomain$1.doIntersectionPrivilege(Ljava/security/PrivilegedAction;Ljava/security/AccessControlContext;Ljava/security/AccessControlContext;)Ljava/lang/Object;+28
j  java.awt.EventQueue.dispatchEvent(Ljava/awt/AWTEvent;)V+73
j  java.awt.EventDispatchThread.pumpOneEventForFilters(I)V+245
j  java.awt.EventDispatchThread.pumpEventsForFilter(ILjava/awt/Conditional;Ljava/awt/EventFilter;)V+35
j  java.awt.EventDispatchThread.pumpEventsForFilter(Ljava/awt/Conditional;Ljava/awt/EventFilter;)V+4
j  java.awt.WaitDispatchSupport$2.run()V+59
j  java.awt.WaitDispatchSupport$4.run()Ljava/lang/Object;+4
v  ~StubRoutines::call_stub
j  java.security.AccessController.doPrivileged(Ljava/security/PrivilegedAction;)Ljava/lang/Object;+0
j  java.awt.WaitDispatchSupport.enter()Z+231
j  java.awt.Dialog.show()V+233
j  java.awt.Component.show(Z)V+5
j  java.awt.Component.setVisible(Z)V+2
j  java.awt.Window.setVisible(Z)V+2
j  java.awt.Dialog.setVisible(Z)V+2
j  quiz.LogInForm.logInButtonActionPerformed(Ljava/awt/event/ActionEvent;)V+165
j  quiz.LogInForm.access$100(Lquiz/LogInForm;Ljava/awt/event/ActionEvent;)V+2
j  quiz.LogInForm$2.actionPerformed(Ljava/awt/event/ActionEvent;)V+5
j  javax.swing.AbstractButton.fireActionPerformed(Ljava/awt/event/ActionEvent;)V+84
j  javax.swing.AbstractButton$Handler.actionPerformed(Ljava/awt/event/ActionEvent;)V+5
j  javax.swing.DefaultButtonModel.fireActionPerformed(Ljava/awt/event/ActionEvent;)V+35
j  javax.swing.DefaultButtonModel.setPressed(Z)V+117
j  javax.swing.plaf.basic.BasicButtonListener$Actions.actionPerformed(Ljava/awt/event/ActionEvent;)V+70
j  javax.swing.SwingUtilities.notifyAction(Ljavax/swing/Action;Ljavax/swing/KeyStroke;Ljava/awt/event/KeyEvent;Ljava/lang/Object;I)Z+132
j  javax.swing.JComponent.processKeyBinding(Ljavax/swing/KeyStroke;Ljava/awt/event/KeyEvent;IZ)Z+72
j  javax.swing.JComponent.processKeyBindings(Ljava/awt/event/KeyEvent;Z)Z+111
j  javax.swing.JComponent.processKeyEvent(Ljava/awt/event/KeyEvent;)V+51
j  java.awt.Component.processEvent(Ljava/awt/AWTEvent;)V+121
j  java.awt.Container.processEvent(Ljava/awt/AWTEvent;)V+18
j  java.awt.Component.dispatchEventImpl(Ljava/awt/AWTEvent;)V+581
j  java.awt.Container.dispatchEventImpl(Ljava/awt/AWTEvent;)V+42
j  java.awt.Component.dispatchEvent(Ljava/awt/AWTEvent;)V+2
j  java.awt.KeyboardFocusManager.redispatchEvent(Ljava/awt/Component;Ljava/awt/AWTEvent;)V+7
j  java.awt.DefaultKeyboardFocusManager.dispatchKeyEvent(Ljava/awt/event/KeyEvent;)Z+63
j  java.awt.DefaultKeyboardFocusManager.preDispatchKeyEvent(Ljava/awt/event/KeyEvent;)Z+140
j  java.awt.DefaultKeyboardFocusManager.typeAheadAssertions(Ljava/awt/Component;Ljava/awt/AWTEvent;)Z+154
j  java.awt.DefaultKeyboardFocusManager.dispatchEvent(Ljava/awt/AWTEvent;)Z+1548
j  java.awt.Component.dispatchEventImpl(Ljava/awt/AWTEvent;)V+144
j  java.awt.Container.dispatchEventImpl(Ljava/awt/AWTEvent;)V+42
j  java.awt.Window.dispatchEventImpl(Ljava/awt/AWTEvent;)V+19
j  java.awt.Component.dispatchEvent(Ljava/awt/AWTEvent;)V+2
j  java.awt.EventQueue.dispatchEventImpl(Ljava/awt/AWTEvent;Ljava/lang/Object;)V+41
j  java.awt.EventQueue.access$200(Ljava/awt/EventQueue;Ljava/awt/AWTEvent;Ljava/lang/Object;)V+3
j  java.awt.EventQueue$3.run()Ljava/lang/Void;+12
j  java.awt.EventQueue$3.run()Ljava/lang/Object;+1
v  ~StubRoutines::call_stub
j  java.security.AccessController.doPrivileged(Ljava/security/PrivilegedAction;Ljava/security/AccessControlContext;)Ljava/lang/Object;+0
j  java.security.ProtectionDomain$1.doIntersectionPrivilege(Ljava/security/PrivilegedAction;Ljava/security/AccessControlContext;Ljava/security/AccessControlContext;)Ljava/lang/Object;+28
j  java.security.ProtectionDomain$1.doIntersectionPrivilege(Ljava/security/PrivilegedAction;Ljava/security/AccessControlContext;)Ljava/lang/Object;+6
j  java.awt.EventQueue$4.run()Ljava/lang/Void;+11
j  java.awt.EventQueue$4.run()Ljava/lang/Object;+1
v  ~StubRoutines::call_stub
j  java.security.AccessController.doPrivileged(Ljava/security/PrivilegedAction;Ljava/security/AccessControlContext;)Ljava/lang/Object;+0
j  java.security.ProtectionDomain$1.doIntersectionPrivilege(Ljava/security/PrivilegedAction;Ljava/security/AccessControlContext;Ljava/security/AccessControlContext;)Ljava/lang/Object;+28
j  java.awt.EventQueue.dispatchEvent(Ljava/awt/AWTEvent;)V+73
j  java.awt.EventDispatchThread.pumpOneEventForFilters(I)V+245
j  java.awt.EventDispatchThread.pumpEventsForFilter(ILjava/awt/Conditional;Ljava/awt/EventFilter;)V+35
j  java.awt.EventDispatchThread.pumpEventsForFilter(Ljava/awt/Conditional;Ljava/awt/EventFilter;)V+4
j  java.awt.WaitDispatchSupport$2.run()V+59
j  java.awt.WaitDispatchSupport$4.run()Ljava/lang/Object;+4
v  ~StubRoutines::call_stub
j  java.security.AccessController.doPrivileged(Ljava/security/PrivilegedAction;)Ljava/lang/Object;+0
j  java.awt.WaitDispatchSupport.enter()Z+231
j  java.awt.Dialog.show()V+233
j  java.awt.Component.show(Z)V+5
j  java.awt.Component.setVisible(Z)V+2
j  java.awt.Window.setVisible(Z)V+2
j  java.awt.Dialog.setVisible(Z)V+2
j  quiz.MainForm.jButton2ActionPerformed(Ljava/awt/event/ActionEvent;)V+12
j  quiz.MainForm.access$200(Lquiz/MainForm;Ljava/awt/event/ActionEvent;)V+2
j  quiz.MainForm$3.actionPerformed(Ljava/awt/event/ActionEvent;)V+5
j  javax.swing.AbstractButton.fireActionPerformed(Ljava/awt/event/ActionEvent;)V+84
j  javax.swing.AbstractButton$Handler.actionPerformed(Ljava/awt/event/ActionEvent;)V+5
j  javax.swing.DefaultButtonModel.fireActionPerformed(Ljava/awt/event/ActionEvent;)V+35
j  javax.swing.DefaultButtonModel.setPressed(Z)V+117
j  javax.swing.plaf.basic.BasicButtonListener$Actions.actionPerformed(Ljava/awt/event/ActionEvent;)V+70
j  javax.swing.SwingUtilities.notifyAction(Ljavax/swing/Action;Ljavax/swing/KeyStroke;Ljava/awt/event/KeyEvent;Ljava/lang/Object;I)Z+132
j  javax.swing.JComponent.processKeyBinding(Ljavax/swing/KeyStroke;Ljava/awt/event/KeyEvent;IZ)Z+72
j  javax.swing.JComponent.processKeyBindings(Ljava/awt/event/KeyEvent;Z)Z+111
j  javax.swing.JComponent.processKeyEvent(Ljava/awt/event/KeyEvent;)V+51
j  java.awt.Component.processEvent(Ljava/awt/AWTEvent;)V+121
j  java.awt.Container.processEvent(Ljava/awt/AWTEvent;)V+18
j  java.awt.Component.dispatchEventImpl(Ljava/awt/AWTEvent;)V+581
j  java.awt.Container.dispatchEventImpl(Ljava/awt/AWTEvent;)V+42
j  java.awt.Component.dispatchEvent(Ljava/awt/AWTEvent;)V+2
j  java.awt.KeyboardFocusManager.redispatchEvent(Ljava/awt/Component;Ljava/awt/AWTEvent;)V+7
j  java.awt.DefaultKeyboardFocusManager.dispatchKeyEvent(Ljava/awt/event/KeyEvent;)Z+63
j  java.awt.DefaultKeyboardFocusManager.preDispatchKeyEvent(Ljava/awt/event/KeyEvent;)Z+140
j  java.awt.DefaultKeyboardFocusManager.typeAheadAssertions(Ljava/awt/Component;Ljava/awt/AWTEvent;)Z+154
j  java.awt.DefaultKeyboardFocusManager.dispatchEvent(Ljava/awt/AWTEvent;)Z+1548
j  java.awt.Component.dispatchEventImpl(Ljava/awt/AWTEvent;)V+144
j  java.awt.Container.dispatchEventImpl(Ljava/awt/AWTEvent;)V+42
j  java.awt.Window.dispatchEventImpl(Ljava/awt/AWTEvent;)V+19
j  java.awt.Component.dispatchEvent(Ljava/awt/AWTEvent;)V+2
j  java.awt.EventQueue.dispatchEventImpl(Ljava/awt/AWTEvent;Ljava/lang/Object;)V+41
j  java.awt.EventQueue.access$200(Ljava/awt/EventQueue;Ljava/awt/AWTEvent;Ljava/lang/Object;)V+3
j  java.awt.EventQueue$3.run()Ljava/lang/Void;+12
j  java.awt.EventQueue$3.run()Ljava/lang/Object;+1
v  ~StubRoutines::call_stub
j  java.security.AccessController.doPrivileged(Ljava/security/PrivilegedAction;Ljava/security/AccessControlContext;)Ljava/lang/Object;+0
j  java.security.ProtectionDomain$1.doIntersectionPrivilege(Ljava/security/PrivilegedAction;Ljava/security/AccessControlContext;Ljava/security/AccessControlContext;)Ljava/lang/Object;+28
j  java.security.ProtectionDomain$1.doIntersectionPrivilege(Ljava/security/PrivilegedAction;Ljava/security/AccessControlContext;)Ljava/lang/Object;+6
j  java.awt.EventQueue$4.run()Ljava/lang/Void;+11
j  java.awt.EventQueue$4.run()Ljava/lang/Object;+1
v  ~StubRoutines::call_stub
j  java.security.AccessController.doPrivileged(Ljava/security/PrivilegedAction;Ljava/security/AccessControlContext;)Ljava/lang/Object;+0
j  java.security.ProtectionDomain$1.doIntersectionPrivilege(Ljava/security/PrivilegedAction;Ljava/security/AccessControlContext;Ljava/security/AccessControlContext;)Ljava/lang/Object;+28
j  java.awt.EventQueue.dispatchEvent(Ljava/awt/AWTEvent;)V+73
j  java.awt.EventDispatchThread.pumpOneEventForFilters(I)V+245
j  java.awt.EventDispatchThread.pumpEventsForFilter(ILjava/awt/Conditional;Ljava/awt/EventFilter;)V+35
j  java.awt.EventDispatchThread.pumpEventsForFilter(Ljava/awt/Conditional;Ljava/awt/EventFilter;)V+4
j  java.awt.WaitDispatchSupport$2.run()V+59
j  java.awt.event.InvocationEvent.dispatch()V+47
j  java.awt.EventQueue.dispatchEventImpl(Ljava/awt/AWTEvent;Ljava/lang/Object;)V+21
j  java.awt.EventQueue.access$200(Ljava/awt/EventQueue;Ljava/awt/AWTEvent;Ljava/lang/Object;)V+3
j  java.awt.EventQueue$3.run()Ljava/lang/Void;+12
j  java.awt.EventQueue$3.run()Ljava/lang/Object;+1
v  ~StubRoutines::call_stub
j  java.security.AccessController.doPrivileged(Ljava/security/PrivilegedAction;Ljava/security/AccessControlContext;)Ljava/lang/Object;+0
j  java.security.ProtectionDomain$1.doIntersectionPrivilege(Ljava/security/PrivilegedAction;Ljava/security/AccessControlContext;Ljava/security/AccessControlContext;)Ljava/lang/Object;+28
j  java.awt.EventQueue.dispatchEvent(Ljava/awt/AWTEvent;)V+46
j  java.awt.EventDispatchThread.pumpOneEventForFilters(I)V+245
j  java.awt.EventDispatchThread.pumpEventsForFilter(ILjava/awt/Conditional;Ljava/awt/EventFilter;)V+35
j  java.awt.EventDispatchThread.pumpEventsForHierarchy(ILjava/awt/Conditional;Ljava/awt/Component;)V+11
j  java.awt.EventDispatchThread.pumpEvents(ILjava/awt/Conditional;)V+4
j  java.awt.EventDispatchThread.pumpEvents(Ljava/awt/Conditional;)V+3
j  java.awt.EventDispatchThread.run()V+9
v  ~StubRoutines::call_stub

---------------  P R O C E S S  ---------------

Java Threads: ( => current thread )
  0x0445b000 JavaThread "TimerQueue" daemon [_thread_blocked, id=16920, stack(0x05730000,0x05780000)]
=>0x04406000 JavaThread "AWT-EventQueue-0" [_thread_in_vm, id=16648, stack(0x05290000,0x052e0000)]
  0x043f4400 JavaThread "AWT-Windows" daemon [_thread_in_native, id=16660, stack(0x04df0000,0x04e40000)]
  0x043e5400 JavaThread "AWT-Shutdown" [_thread_blocked, id=16652, stack(0x04d60000,0x04db0000)]
  0x043e4c00 JavaThread "Java2D Disposer" daemon [_thread_blocked, id=16656, stack(0x04cd0000,0x04d20000)]
  0x01d95000 JavaThread "Service Thread" daemon [_thread_blocked, id=16664, stack(0x04290000,0x042e0000)]
  0x01d91000 JavaThread "C1 CompilerThread0" daemon [_thread_blocked, id=18420, stack(0x04200000,0x04250000)]
  0x01d90400 JavaThread "Attach Listener" daemon [_thread_blocked, id=4436, stack(0x04170000,0x041c0000)]
  0x01d8dc00 JavaThread "Signal Dispatcher" daemon [_thread_blocked, id=17228, stack(0x040e0000,0x04130000)]
  0x01d74c00 JavaThread "Finalizer" daemon [_thread_blocked, id=6628, stack(0x04050000,0x040a0000)]
  0x01d73400 JavaThread "Reference Handler" daemon [_thread_blocked, id=14332, stack(0x03fc0000,0x04010000)]
  0x002bac00 JavaThread "main" [_thread_blocked, id=16148, stack(0x00360000,0x003b0000)]

Other Threads:
  0x01d72000 VMThread [stack: 0x03f30000,0x03f80000] [id=16460]
  0x01da2800 WatcherThread [stack: 0x04320000,0x04370000] [id=7060]

VM state:not at safepoint (normal execution)

VM Mutex/Monitor currently owned by a thread: None

Heap
 def new generation   total 4928K, used 2060K [0x24610000, 0x24b60000, 0x29b60000)
  eden space 4416K,  35% used [0x24610000, 0x24793278, 0x24a60000)
  from space 512K, 100% used [0x24ae0000, 0x24b60000, 0x24b60000)
  to   space 512K,   0% used [0x24a60000, 0x24a60000, 0x24ae0000)
 tenured generation   total 10944K, used 1304K [0x29b60000, 0x2a610000, 0x34610000)
   the space 10944K,  11% used [0x29b60000, 0x29ca6128, 0x29ca6200, 0x2a610000)
 compacting perm gen  total 12288K, used 1733K [0x34610000, 0x35210000, 0x38610000)
   the space 12288K,  14% used [0x34610000, 0x347c1718, 0x347c1800, 0x35210000)
    ro space 10240K,  45% used [0x38610000, 0x38a97290, 0x38a97400, 0x39010000)
    rw space 12288K,  54% used [0x39010000, 0x3969ace8, 0x3969ae00, 0x39c10000)

Card table byte_map: [0x03de0000,0x03e90000] byte_map_base: 0x03cbcf80

Polling page: 0x002c0000

Code Cache  [0x01de0000, 0x01ed0000, 0x03de0000)
 total_blobs=492 nmethods=259 adapters=168 free_code_cache=31809Kb largest_free_block=32573376

Compilation events (10 events):
Event: 32.322 Thread 0x01d91000  255             javax.swing.GroupLayout$SequentialGroup::operator (12 bytes)
Event: 32.322 Thread 0x01d91000 nmethod 255 0x01ecd9c8 code [0x01ecdac0, 0x01ecdb60]
Event: 32.322 Thread 0x01d91000  256             javax.swing.GroupLayout$Spring::getMaximumSize (27 bytes)
Event: 32.323 Thread 0x01d91000 nmethod 256 0x01ecdbc8 code [0x01ecdcd0, 0x01ecdd8c]
Event: 32.324 Thread 0x01d91000  257             javax.swing.MultiUIDefaults::get (67 bytes)
Event: 32.324 Thread 0x01d91000 nmethod 257 0x01ecde08 code [0x01ecdf30, 0x01ece0a4]
Event: 32.325 Thread 0x01d91000  258             javax.swing.text.Utilities::drawTabbedText (409 bytes)
Event: 32.327 Thread 0x01d91000 nmethod 258 0x01ece208 code [0x01ece3e0, 0x01eceb5c]
Event: 32.411 Thread 0x01d91000  259             javax.swing.JComponent::getFontMetrics (6 bytes)
Event: 32.411 Thread 0x01d91000 nmethod 259 0x01ecf508 code [0x01ecf620, 0x01ecf728]

GC Heap History (2 events):
Event: 17.731 GC heap before
{Heap before GC invocations=0 (full 0):
 def new generation   total 4928K, used 4161K [0x24610000, 0x24b60000, 0x29b60000)
  eden space 4416K,  94% used [0x24610000, 0x24a207e0, 0x24a60000)
  from space 512K,   0% used [0x24a60000, 0x24a60000, 0x24ae0000)
  to   space 512K,   0% used [0x24ae0000, 0x24ae0000, 0x24b60000)
 tenured generation   total 10944K, used 0K [0x29b60000, 0x2a610000, 0x34610000)
   the space 10944K,   0% used [0x29b60000, 0x29b60000, 0x29b60200, 0x2a610000)
 compacting perm gen  total 12288K, used 1624K [0x34610000, 0x35210000, 0x38610000)
   the space 12288K,  13% used [0x34610000, 0x347a6288, 0x347a6400, 0x35210000)
    ro space 10240K,  45% used [0x38610000, 0x38a97290, 0x38a97400, 0x39010000)
    rw space 12288K,  54% used [0x39010000, 0x3969ace8, 0x3969ae00, 0x39c10000)
Event: 17.750 GC heap after
Heap after GC invocations=1 (full 0):
 def new generation   total 4928K, used 512K [0x24610000, 0x24b60000, 0x29b60000)
  eden space 4416K,   0% used [0x24610000, 0x24610000, 0x24a60000)
  from space 512K, 100% used [0x24ae0000, 0x24b60000, 0x24b60000)
  to   space 512K,   0% used [0x24a60000, 0x24a60000, 0x24ae0000)
 tenured generation   total 10944K, used 1304K [0x29b60000, 0x2a610000, 0x34610000)
   the space 10944K,  11% used [0x29b60000, 0x29ca6128, 0x29ca6200, 0x2a610000)
 compacting perm gen  total 12288K, used 1624K [0x34610000, 0x35210000, 0x38610000)
   the space 12288K,  13% used [0x34610000, 0x347a6288, 0x347a6400, 0x35210000)
    ro space 10240K,  45% used [0x38610000, 0x38a97290, 0x38a97400, 0x39010000)
    rw space 12288K,  54% used [0x39010000, 0x3969ace8, 0x3969ae00, 0x39c10000)
}

Deoptimization events (0 events):
No events

Internal exceptions (10 events):
Event: 2.505 Thread 0x04406000 Threw 0x24807800 at C:\jdk7u2_32P\jdk7u15\hotspot\src\share\vm\prims\jvm.cpp:1166
Event: 2.507 Thread 0x04406000 Threw 0x24808f78 at C:\jdk7u2_32P\jdk7u15\hotspot\src\share\vm\prims\jvm.cpp:1166
Event: 2.508 Thread 0x04406000 Threw 0x2480a698 at C:\jdk7u2_32P\jdk7u15\hotspot\src\share\vm\prims\jvm.cpp:1166
Event: 12.839 Thread 0x04406000 Threw 0x248dce48 at C:\jdk7u2_32P\jdk7u15\hotspot\src\share\vm\prims\jvm.cpp:1166
Event: 12.852 Thread 0x04406000 Threw 0x248ebe70 at C:\jdk7u2_32P\jdk7u15\hotspot\src\share\vm\prims\jvm.cpp:1166
Event: 12.854 Thread 0x04406000 Threw 0x248ed978 at C:\jdk7u2_32P\jdk7u15\hotspot\src\share\vm\prims\jvm.cpp:1166
Event: 17.654 Thread 0x04406000 Threw 0x249aa8e8 at C:\jdk7u2_32P\jdk7u15\hotspot\src\share\vm\prims\jvm.cpp:1166
Event: 17.672 Thread 0x04406000 Threw 0x249cb1b8 at C:\jdk7u2_32P\jdk7u15\hotspot\src\share\vm\prims\jvm.cpp:1166
Event: 17.703 Thread 0x04406000 Threw 0x249d4180 at C:\jdk7u2_32P\jdk7u15\hotspot\src\share\vm\prims\jvm.cpp:1166
Event: 17.708 Thread 0x04406000 Threw 0x249e3e28 at C:\jdk7u2_32P\jdk7u15\hotspot\src\share\vm\prims\jvm.cpp:1166

Events (10 events):
Event: 32.552 loading class 0x043d1fb0
Event: 32.552 loading class 0x043d1fb0 done
Event: 32.552 loading class 0x01da4aa8 done
Event: 32.552 loading class 0x01dc19a8
Event: 32.553 loading class 0x01dc19a8 done
Event: 32.553 loading class 0x01dc1be8 done
Event: 32.554 loading class 0x0446a848
Event: 32.554 loading class 0x0446a848 done
Event: 32.554 loading class 0x0446ffd0
Event: 32.554 loading class 0x0446ffd0 done


Dynamic libraries:
0x00330000 - 0x0035f000 	C:\Program Files (x86)\Java\jdk1.7.0_15\bin\java.exe
0x774e0000 - 0x7764e000 	C:\Windows\SYSTEM32\ntdll.dll
0x74e80000 - 0x74fc0000 	C:\Windows\SYSTEM32\KERNEL32.DLL
0x75450000 - 0x75527000 	C:\Windows\SYSTEM32\KERNELBASE.dll
0x63790000 - 0x63830000 	C:\Windows\system32\apphelp.dll
0x564e0000 - 0x56746000 	C:\Windows\AppPatch\AcGenral.DLL
0x75fa0000 - 0x76063000 	C:\Windows\SYSTEM32\msvcrt.dll
0x756f0000 - 0x75731000 	C:\Windows\SYSTEM32\sechost.dll
0x74ce0000 - 0x74cfe000 	C:\Windows\SYSTEM32\SspiCli.dll
0x75d20000 - 0x75d65000 	C:\Windows\SYSTEM32\SHLWAPI.dll
0x66fa0000 - 0x6708d000 	C:\Windows\SYSTEM32\UxTheme.dll
0x75920000 - 0x75a73000 	C:\Windows\SYSTEM32\USER32.dll
0x75340000 - 0x7544e000 	C:\Windows\SYSTEM32\GDI32.dll
0x6f860000 - 0x6f883000 	C:\Windows\SYSTEM32\WINMM.dll
0x742a0000 - 0x742b3000 	C:\Windows\SYSTEM32\samcli.dll
0x75050000 - 0x75179000 	C:\Windows\SYSTEM32\ole32.dll
0x77350000 - 0x773e5000 	C:\Windows\SYSTEM32\OLEAUT32.dll
0x564c0000 - 0x564d7000 	C:\Windows\SYSTEM32\MSACM32.dll
0x749b0000 - 0x749b8000 	C:\Windows\SYSTEM32\VERSION.dll
0x760a0000 - 0x7734d000 	C:\Windows\SYSTEM32\SHELL32.dll
0x74990000 - 0x749ab000 	C:\Windows\SYSTEM32\USERENV.dll
0x66f80000 - 0x66f9a000 	C:\Windows\SYSTEM32\dwmapi.dll
0x693f0000 - 0x6953a000 	C:\Windows\SYSTEM32\urlmon.dll
0x75f00000 - 0x75f7c000 	C:\Windows\SYSTEM32\ADVAPI32.dll
0x56450000 - 0x564b5000 	C:\Windows\SYSTEM32\WINSPOOL.DRV
0x740f0000 - 0x74106000 	C:\Windows\SYSTEM32\MPR.dll
0x75b30000 - 0x75bea000 	C:\Windows\SYSTEM32\RPCRT4.dll
0x74cd0000 - 0x74cda000 	C:\Windows\SYSTEM32\CRYPTBASE.dll
0x74d00000 - 0x74e7d000 	C:\Windows\SYSTEM32\combase.dll
0x6f810000 - 0x6f833000 	C:\Windows\SYSTEM32\WINMMBASE.dll
0x74970000 - 0x7497f000 	C:\Windows\SYSTEM32\profapi.dll
0x691b0000 - 0x693e2000 	C:\Windows\SYSTEM32\iertutil.dll
0x68fc0000 - 0x691a4000 	C:\Windows\SYSTEM32\WININET.dll
0x74c70000 - 0x74cc4000 	C:\Windows\SYSTEM32\bcryptPrimitives.dll
0x75ae0000 - 0x75b1c000 	C:\Windows\SYSTEM32\cfgmgr32.dll
0x6f7e0000 - 0x6f801000 	C:\Windows\SYSTEM32\DEVOBJ.dll
0x73090000 - 0x7311b000 	C:\Windows\SYSTEM32\SHCORE.DLL
0x76070000 - 0x76097000 	C:\Windows\system32\IMM32.DLL
0x75180000 - 0x75292000 	C:\Windows\SYSTEM32\MSCTF.dll
0x66ca0000 - 0x66ea6000 	C:\Windows\WinSxS\x86_microsoft.windows.common-controls_6595b64144ccf1df_6.0.9600.17810_none_a9edf09f013934e0\COMCTL32.dll
0x668e0000 - 0x6699e000 	C:\Program Files (x86)\Java\jdk1.7.0_15\jre\bin\msvcr100.dll
0x5ec40000 - 0x5ef8c000 	C:\Program Files (x86)\Java\jdk1.7.0_15\jre\bin\client\jvm.dll
0x73020000 - 0x73028000 	C:\Windows\SYSTEM32\WSOCK32.dll
0x75b20000 - 0x75b26000 	C:\Windows\SYSTEM32\PSAPI.DLL
0x758d0000 - 0x75920000 	C:\Windows\SYSTEM32\WS2_32.dll
0x773f0000 - 0x773f7000 	C:\Windows\SYSTEM32\NSI.dll
0x66af0000 - 0x66afc000 	C:\Program Files (x86)\Java\jdk1.7.0_15\jre\bin\verify.dll
0x66880000 - 0x668a0000 	C:\Program Files (x86)\Java\jdk1.7.0_15\jre\bin\java.dll
0x66860000 - 0x66873000 	C:\Program Files (x86)\Java\jdk1.7.0_15\jre\bin\zip.dll
0x56440000 - 0x5644e000 	C:\Program Files (x86)\Java\jdk1.7.0_15\jre\bin\JdbcOdbc.dll
0x57e30000 - 0x57ed9000 	C:\Windows\SYSTEM32\ODBC32.dll
0x72980000 - 0x7299e000 	C:\Windows\SYSTEM32\bcrypt.dll
0x57d30000 - 0x57de2000 	C:\Windows\system32\SQLSRV32.dll
0x75740000 - 0x758c8000 	C:\Windows\SYSTEM32\CRYPT32.dll
0x74360000 - 0x74373000 	C:\Windows\system32\NETAPI32.dll
0x77400000 - 0x7740e000 	C:\Windows\SYSTEM32\MSASN1.dll
0x74300000 - 0x7430a000 	C:\Windows\system32\netutils.dll
0x742e0000 - 0x742fd000 	C:\Windows\system32\srvcli.dll
0x742c0000 - 0x742d1000 	C:\Windows\system32\wkscli.dll
0x672b0000 - 0x672b8000 	C:\Windows\system32\DPAPI.DLL
0x56420000 - 0x5643f000 	C:\Windows\system32\odbccp32.dll
0x56400000 - 0x5641f000 	C:\Windows\SYSTEM32\DBNETLIB.DLL
0x58680000 - 0x58683000 	C:\Windows\SYSTEM32\security.dll
0x74980000 - 0x7498a000 	C:\Windows\SYSTEM32\SECUR32.DLL
0x584d0000 - 0x58524000 	C:\Windows\SYSTEM32\msv1_0.DLL
0x58530000 - 0x58544000 	C:\Windows\SYSTEM32\cryptdll.dll
0x584b0000 - 0x584ca000 	C:\Windows\SYSTEM32\ntdsapi.dll
0x584a0000 - 0x584aa000 	C:\Windows\SYSTEM32\DSPARSE.DLL
0x731a0000 - 0x731eb000 	C:\Windows\system32\mswsock.dll
0x715e0000 - 0x7165e000 	C:\Windows\SYSTEM32\DNSAPI.dll
0x71590000 - 0x71598000 	C:\Windows\System32\rasadhlp.dll
0x74460000 - 0x74480000 	C:\Windows\SYSTEM32\IPHLPAPI.DLL
0x74350000 - 0x74358000 	C:\Windows\SYSTEM32\WINNSI.DLL
0x6a9a0000 - 0x6a9e6000 	C:\Windows\System32\fwpuclnt.dll
0x58620000 - 0x5867c000 	C:\Windows\SYSTEM32\schannel.dll
0x71570000 - 0x7158f000 	C:\Windows\SYSTEM32\ncrypt.dll
0x71540000 - 0x71569000 	C:\Windows\SYSTEM32\NTASN1.dll
0x58450000 - 0x58468000 	C:\Windows\system32\ncryptsslp.dll
0x563f0000 - 0x563f9000 	C:\Windows\SYSTEM32\netbios.dll
0x666e0000 - 0x66822000 	C:\Program Files (x86)\Java\jdk1.7.0_15\jre\bin\awt.dll
0x74280000 - 0x74289000 	C:\Windows\SYSTEM32\kernel.appcore.dll
0x666b0000 - 0x666da000 	C:\Program Files (x86)\Java\jdk1.7.0_15\jre\bin\fontmanager.dll
0x66840000 - 0x66854000 	C:\Program Files (x86)\Java\jdk1.7.0_15\jre\bin\net.dll
0x66830000 - 0x6683e000 	C:\Program Files (x86)\Java\jdk1.7.0_15\jre\bin\nio.dll
0x63750000 - 0x63781000 	C:\Program Files (x86)\Java\jdk1.7.0_15\jre\bin\t2k.dll
0x75c90000 - 0x75d1d000 	C:\Windows\SYSTEM32\clbcatq.dll
0x663e0000 - 0x6654b000 	C:\Windows\SYSTEM32\WindowsCodecs.dll
0x729d0000 - 0x729e9000 	C:\Windows\SYSTEM32\CRYPTSP.dll
0x729a0000 - 0x729d0000 	C:\Windows\system32\rsaenh.dll
0x562a0000 - 0x563e1000 	C:\Windows\SYSTEM32\dbghelp.dll

VM Arguments:
jvm_args: -Dfile.encoding=UTF-8 
java_command: quiz.Quiz
Launcher Type: SUN_STANDARD

Environment Variables:
PATH=C:\Program Files\Broadcom\Broadcom 802.11;;;;C:\Program Files (x86)\Intel\iCLS Client\;C:\Program Files\Intel\iCLS Client\;C:\Windows\system32;C:\Windows;C:\Windows\System32\Wbem;C:\Windows\System32\WindowsPowerShell\v1.0\;C:\Program Files\Hewlett-Packard\SimplePass\;C:\Program Files (x86)\NVIDIA Corporation\PhysX\Common;C:\Program Files\Intel\Intel(R) Management Engine Components\DAL;C:\Program Files\Intel\Intel(R) Management Engine Components\IPT;C:\Program Files (x86)\Intel\Intel(R) Management Engine Components\DAL;C:\Program Files (x86)\Intel\Intel(R) Management Engine Components\IPT;C:\Program Files (x86)\Microsoft SQL Server\100\Tools\Binn\;C:\Program Files\Microsoft SQL Server\100\Tools\Binn\;C:\Program Files\Microsoft SQL Server\100\DTS\Binn\;C:\Program Files (x86)\Microsoft SQL Server\100\Tools\Binn\VSShell\Common7\IDE\;C:\Program Files (x86)\Microsoft SQL Server\100\DTS\Binn\;C:\Program Files (x86)\Java\jdk1.7.0_15\bin
USERNAME=hp1
OS=Windows_NT
PROCESSOR_IDENTIFIER=Intel64 Family 6 Model 69 Stepping 1, GenuineIntel



---------------  S Y S T E M  ---------------

OS: Windows 8 , 64 bit Build 9200 

CPU:total 4 (2 cores per cpu, 2 threads per core) family 6 model 69 stepping 1, cmov, cx8, fxsr, mmx, sse, sse2, sse3, ssse3, sse4.1, sse4.2, popcnt, avx, avx2, ht, tsc, tscinvbit

Memory: 4k page, physical 8317080k(5470636k free), swap 16705688k(13397488k free)

vm_info: Java HotSpot(TM) Client VM (23.7-b01) for windows-x86 JRE (1.7.0_15-b03), built on Feb 15 2013 14:01:25 by "java_re" with unknown MS VC++:1600

time: Thu Jul 16 11:39:28 2015
elapsed time: 32 seconds

