#
# A fatal error has been detected by the Java Runtime Environment:
#
#  EXCEPTION_ACCESS_VIOLATION (0xc0000005) at pc=0x5ecebf33, pid=9616, tid=6380
#
# JRE version: 7.0_15-b03
# Java VM: Java HotSpot(TM) Client VM (23.7-b01 mixed mode, sharing windows-x86 )
# Problematic frame:
# V  [jvm.dll+0xabf33]
#
# Failed to write core dump. Minidumps are not enabled by default on client versions of Windows
#
# If you would like to submit a bug report, please visit:
#   http://bugreport.sun.com/bugreport/crash.jsp
#

---------------  T H R E A D  ---------------

Current thread (0x04a0d000):  JavaThread "AWT-EventQueue-0" [_thread_in_vm, id=6380, stack(0x058c0000,0x05910000)]

siginfo: ExceptionCode=0xc0000005, reading address 0x00000000

Registers:
EAX=0x00000000, EBX=0x34649f40, ECX=0x00000000, EDX=0x3464ef60
ESP=0x0590a168, EBP=0x0590a17c, ESI=0x04a0d128, EDI=0x04a0d000
EIP=0x5ecebf33, EFLAGS=0x00010246

Top of Stack: (sp=0x0590a168)
0x0590a168:   04a0d000 00000006 04a0d000 04a0d128
0x0590a178:   34649f40 0590a198 564410a0 04a0d000
0x0590a188:   00000000 00000000 04a0d000 34649f40
0x0590a198:   0590a1d4 024ba717 04a0d128 0590a1e8
0x0590a1a8:   00000000 022a8d04 022a8d0c 0590a1b4
0x0590a1b8:   00000000 0590a1e8 3464ef60 00000000
0x0590a1c8:   34649f40 00000000 0590a1e4 0590a20c
0x0590a1d8:   024b340f 00000000 024b8989 00000000 

Instructions: (pc=0x5ecebf33)
0x5ecebf13:   00 00 74 0c e8 24 88 09 00 33 ff 89 7d 08 eb 05
0x5ecebf23:   89 4d 08 8b f9 6a 06 57 e8 80 7e f5 ff 8b 45 0c
0x5ecebf33:   8b 18 8b 73 08 83 c4 08 85 f6 75 3d a1 28 d9 f4
0x5ecebf43:   5e 85 c0 75 30 e8 23 e8 0c 00 6a 00 8b f0 6a 00 


Register to memory mapping:

EAX=0x00000000 is an unknown value
EBX=0x34649f40 is an oop
{method} 
 - klass: {other class}
ECX=0x00000000 is an unknown value
EDX=0x3464ef60 is an oop
{constant pool cache} 
 - klass: {other class}
ESP=0x0590a168 is pointing into the stack for thread: 0x04a0d000
EBP=0x0590a17c is pointing into the stack for thread: 0x04a0d000
ESI=0x04a0d128 is an unknown value
EDI=0x04a0d000 is a thread


Stack: [0x058c0000,0x05910000],  sp=0x0590a168,  free space=296k
Native frames: (J=compiled Java code, j=interpreted, Vv=VM code, C=native code)
V  [jvm.dll+0xabf33]
C  [JdbcOdbc.dll+0x10a0]  Java_sun_jdbc_odbc_JdbcOdbc_bufferToInt+0x16
j  sun.jdbc.odbc.JdbcOdbc.bufferToInt([B)I+0
j  sun.jdbc.odbc.JdbcOdbcCallableStatement.getInt(I)I+19
j  quiz.GameWindowForm.nextButtonActionPerformed(Ljava/awt/event/ActionEvent;)V+345
j  quiz.GameWindowForm.access$000(Lquiz/GameWindowForm;Ljava/awt/event/ActionEvent;)V+2
j  quiz.GameWindowForm$1.actionPerformed(Ljava/awt/event/ActionEvent;)V+5
j  javax.swing.AbstractButton.fireActionPerformed(Ljava/awt/event/ActionEvent;)V+84
j  javax.swing.AbstractButton$Handler.actionPerformed(Ljava/awt/event/ActionEvent;)V+5
j  javax.swing.DefaultButtonModel.fireActionPerformed(Ljava/awt/event/ActionEvent;)V+35
j  javax.swing.DefaultButtonModel.setPressed(Z)V+117
j  javax.swing.plaf.basic.BasicButtonListener.mouseReleased(Ljava/awt/event/MouseEvent;)V+35
j  java.awt.Component.processMouseEvent(Ljava/awt/event/MouseEvent;)V+64
j  javax.swing.JComponent.processMouseEvent(Ljava/awt/event/MouseEvent;)V+23
j  java.awt.Component.processEvent(Ljava/awt/AWTEvent;)V+81
j  java.awt.Container.processEvent(Ljava/awt/AWTEvent;)V+18
j  java.awt.Component.dispatchEventImpl(Ljava/awt/AWTEvent;)V+581
j  java.awt.Container.dispatchEventImpl(Ljava/awt/AWTEvent;)V+42
j  java.awt.Component.dispatchEvent(Ljava/awt/AWTEvent;)V+2
j  java.awt.LightweightDispatcher.retargetMouseEvent(Ljava/awt/Component;ILjava/awt/event/MouseEvent;)V+327
j  java.awt.LightweightDispatcher.processMouseEvent(Ljava/awt/event/MouseEvent;)Z+139
j  java.awt.LightweightDispatcher.dispatchEvent(Ljava/awt/AWTEvent;)Z+50
j  java.awt.Container.dispatchEventImpl(Ljava/awt/AWTEvent;)V+12
j  java.awt.Window.dispatchEventImpl(Ljava/awt/AWTEvent;)V+19
j  java.awt.Component.dispatchEvent(Ljava/awt/AWTEvent;)V+2
j  java.awt.EventQueue.dispatchEventImpl(Ljava/awt/AWTEvent;Ljava/lang/Object;)V+41
j  java.awt.EventQueue.access$200(Ljava/awt/EventQueue;Ljava/awt/AWTEvent;Ljava/lang/Object;)V+3
j  java.awt.EventQueue$3.run()Ljava/lang/Void;+12
j  java.awt.EventQueue$3.run()Ljava/lang/Object;+1
v  ~StubRoutines::call_stub
V  [jvm.dll+0x12a34a]
V  [jvm.dll+0x1d968e]
V  [jvm.dll+0x12a3cd]
V  [jvm.dll+0xd9d0a]
C  [java.dll+0x102f]  Java_java_security_AccessController_doPrivileged__Ljava_security_PrivilegedAction_2Ljava_security_AccessControlContext_2+0x17
J  java.security.ProtectionDomain$1.doIntersectionPrivilege(Ljava/security/PrivilegedAction;Ljava/security/AccessControlContext;Ljava/security/AccessControlContext;)Ljava/lang/Object;
j  java.awt.EventQueue$4.run()Ljava/lang/Void;+11
j  java.awt.EventQueue$4.run()Ljava/lang/Object;+1
v  ~StubRoutines::call_stub
V  [jvm.dll+0x12a34a]
V  [jvm.dll+0x1d968e]
V  [jvm.dll+0x12a3cd]
V  [jvm.dll+0xd9d0a]
C  [java.dll+0x102f]  Java_java_security_AccessController_doPrivileged__Ljava_security_PrivilegedAction_2Ljava_security_AccessControlContext_2+0x17
J  java.security.ProtectionDomain$1.doIntersectionPrivilege(Ljava/security/PrivilegedAction;Ljava/security/AccessControlContext;Ljava/security/AccessControlContext;)Ljava/lang/Object;
J  java.awt.EventDispatchThread.pumpOneEventForFilters(I)V
j  java.awt.EventDispatchThread.pumpEventsForFilter(Ljava/awt/Conditional;Ljava/awt/EventFilter;)V+4
j  java.awt.WaitDispatchSupport$2.run()V+59
j  java.awt.WaitDispatchSupport$4.run()Ljava/lang/Object;+4
v  ~StubRoutines::call_stub
V  [jvm.dll+0x12a34a]
V  [jvm.dll+0x1d968e]
V  [jvm.dll+0x12a3cd]
V  [jvm.dll+0xd9d0a]
C  [java.dll+0x1015]  Java_java_security_AccessController_doPrivileged__Ljava_security_PrivilegedAction_2+0x15
j  java.awt.WaitDispatchSupport.enter()Z+231
j  java.awt.Dialog.show()V+233
j  java.awt.Component.show(Z)V+5
j  java.awt.Component.setVisible(Z)V+2
j  java.awt.Window.setVisible(Z)V+2
j  java.awt.Dialog.setVisible(Z)V+2
j  quiz.GatewayForm.moviesButtonActionPerformed(Ljava/awt/event/ActionEvent;)V+18
j  quiz.GatewayForm.access$000(Lquiz/GatewayForm;Ljava/awt/event/ActionEvent;)V+2
j  quiz.GatewayForm$1.actionPerformed(Ljava/awt/event/ActionEvent;)V+5
j  javax.swing.AbstractButton.fireActionPerformed(Ljava/awt/event/ActionEvent;)V+84
j  javax.swing.AbstractButton$Handler.actionPerformed(Ljava/awt/event/ActionEvent;)V+5
j  javax.swing.DefaultButtonModel.fireActionPerformed(Ljava/awt/event/ActionEvent;)V+35
j  javax.swing.DefaultButtonModel.setPressed(Z)V+117
j  javax.swing.plaf.basic.BasicButtonListener$Actions.actionPerformed(Ljava/awt/event/ActionEvent;)V+70
j  javax.swing.SwingUtilities.notifyAction(Ljavax/swing/Action;Ljavax/swing/KeyStroke;Ljava/awt/event/KeyEvent;Ljava/lang/Object;I)Z+132
j  javax.swing.JComponent.processKeyBinding(Ljavax/swing/KeyStroke;Ljava/awt/event/KeyEvent;IZ)Z+72
j  javax.swing.JComponent.processKeyBindings(Ljava/awt/event/KeyEvent;Z)Z+111
j  javax.swing.JComponent.processKeyEvent(Ljava/awt/event/KeyEvent;)V+51
j  java.awt.Component.processEvent(Ljava/awt/AWTEvent;)V+121
j  java.awt.Container.processEvent(Ljava/awt/AWTEvent;)V+18
j  java.awt.Component.dispatchEventImpl(Ljava/awt/AWTEvent;)V+581
j  java.awt.Container.dispatchEventImpl(Ljava/awt/AWTEvent;)V+42
j  java.awt.Component.dispatchEvent(Ljava/awt/AWTEvent;)V+2
j  java.awt.KeyboardFocusManager.redispatchEvent(Ljava/awt/Component;Ljava/awt/AWTEvent;)V+7
j  java.awt.DefaultKeyboardFocusManager.dispatchKeyEvent(Ljava/awt/event/KeyEvent;)Z+63
j  java.awt.DefaultKeyboardFocusManager.preDispatchKeyEvent(Ljava/awt/event/KeyEvent;)Z+140
j  java.awt.DefaultKeyboardFocusManager.typeAheadAssertions(Ljava/awt/Component;Ljava/awt/AWTEvent;)Z+154
j  java.awt.DefaultKeyboardFocusManager.dispatchEvent(Ljava/awt/AWTEvent;)Z+1548
j  java.awt.Component.dispatchEventImpl(Ljava/awt/AWTEvent;)V+144
j  java.awt.Container.dispatchEventImpl(Ljava/awt/AWTEvent;)V+42
j  java.awt.Window.dispatchEventImpl(Ljava/awt/AWTEvent;)V+19
j  java.awt.Component.dispatchEvent(Ljava/awt/AWTEvent;)V+2
j  java.awt.EventQueue.dispatchEventImpl(Ljava/awt/AWTEvent;Ljava/lang/Object;)V+41
j  java.awt.EventQueue.access$200(Ljava/awt/EventQueue;Ljava/awt/AWTEvent;Ljava/lang/Object;)V+3
j  java.awt.EventQueue$3.run()Ljava/lang/Void;+12
j  java.awt.EventQueue$3.run()Ljava/lang/Object;+1
v  ~StubRoutines::call_stub
V  [jvm.dll+0x12a34a]
V  [jvm.dll+0x1d968e]
V  [jvm.dll+0x12a3cd]
V  [jvm.dll+0xd9d0a]
C  [java.dll+0x102f]  Java_java_security_AccessController_doPrivileged__Ljava_security_PrivilegedAction_2Ljava_security_AccessControlContext_2+0x17
j  java.security.ProtectionDomain$1.doIntersectionPrivilege(Ljava/security/PrivilegedAction;Ljava/security/AccessControlContext;Ljava/security/AccessControlContext;)Ljava/lang/Object;+28
j  java.security.ProtectionDomain$1.doIntersectionPrivilege(Ljava/security/PrivilegedAction;Ljava/security/AccessControlContext;)Ljava/lang/Object;+6
j  java.awt.EventQueue$4.run()Ljava/lang/Void;+11
...<more frames>...

Java frames: (J=compiled Java code, j=interpreted, Vv=VM code)
j  sun.jdbc.odbc.JdbcOdbc.bufferToInt([B)I+0
j  sun.jdbc.odbc.JdbcOdbcCallableStatement.getInt(I)I+19
j  quiz.GameWindowForm.nextButtonActionPerformed(Ljava/awt/event/ActionEvent;)V+345
j  quiz.GameWindowForm.access$000(Lquiz/GameWindowForm;Ljava/awt/event/ActionEvent;)V+2
j  quiz.GameWindowForm$1.actionPerformed(Ljava/awt/event/ActionEvent;)V+5
j  javax.swing.AbstractButton.fireActionPerformed(Ljava/awt/event/ActionEvent;)V+84
j  javax.swing.AbstractButton$Handler.actionPerformed(Ljava/awt/event/ActionEvent;)V+5
j  javax.swing.DefaultButtonModel.fireActionPerformed(Ljava/awt/event/ActionEvent;)V+35
j  javax.swing.DefaultButtonModel.setPressed(Z)V+117
j  javax.swing.plaf.basic.BasicButtonListener.mouseReleased(Ljava/awt/event/MouseEvent;)V+35
j  java.awt.Component.processMouseEvent(Ljava/awt/event/MouseEvent;)V+64
j  javax.swing.JComponent.processMouseEvent(Ljava/awt/event/MouseEvent;)V+23
j  java.awt.Component.processEvent(Ljava/awt/AWTEvent;)V+81
j  java.awt.Container.processEvent(Ljava/awt/AWTEvent;)V+18
j  java.awt.Component.dispatchEventImpl(Ljava/awt/AWTEvent;)V+581
j  java.awt.Container.dispatchEventImpl(Ljava/awt/AWTEvent;)V+42
j  java.awt.Component.dispatchEvent(Ljava/awt/AWTEvent;)V+2
j  java.awt.LightweightDispatcher.retargetMouseEvent(Ljava/awt/Component;ILjava/awt/event/MouseEvent;)V+327
j  java.awt.LightweightDispatcher.processMouseEvent(Ljava/awt/event/MouseEvent;)Z+139
j  java.awt.LightweightDispatcher.dispatchEvent(Ljava/awt/AWTEvent;)Z+50
j  java.awt.Container.dispatchEventImpl(Ljava/awt/AWTEvent;)V+12
j  java.awt.Window.dispatchEventImpl(Ljava/awt/AWTEvent;)V+19
j  java.awt.Component.dispatchEvent(Ljava/awt/AWTEvent;)V+2
j  java.awt.EventQueue.dispatchEventImpl(Ljava/awt/AWTEvent;Ljava/lang/Object;)V+41
j  java.awt.EventQueue.access$200(Ljava/awt/EventQueue;Ljava/awt/AWTEvent;Ljava/lang/Object;)V+3
j  java.awt.EventQueue$3.run()Ljava/lang/Void;+12
j  java.awt.EventQueue$3.run()Ljava/lang/Object;+1
v  ~StubRoutines::call_stub
J  java.security.AccessController.doPrivileged(Ljava/security/PrivilegedAction;Ljava/security/AccessControlContext;)Ljava/lang/Object;
J  java.security.ProtectionDomain$1.doIntersectionPrivilege(Ljava/security/PrivilegedAction;Ljava/security/AccessControlContext;Ljava/security/AccessControlContext;)Ljava/lang/Object;
j  java.security.ProtectionDomain$1.doIntersectionPrivilege(Ljava/security/PrivilegedAction;Ljava/security/AccessControlContext;)Ljava/lang/Object;+6
j  java.awt.EventQueue$4.run()Ljava/lang/Void;+11
j  java.awt.EventQueue$4.run()Ljava/lang/Object;+1
v  ~StubRoutines::call_stub
J  java.security.AccessController.doPrivileged(Ljava/security/PrivilegedAction;Ljava/security/AccessControlContext;)Ljava/lang/Object;
J  java.security.ProtectionDomain$1.doIntersectionPrivilege(Ljava/security/PrivilegedAction;Ljava/security/AccessControlContext;Ljava/security/AccessControlContext;)Ljava/lang/Object;
j  java.awt.EventQueue.dispatchEvent(Ljava/awt/AWTEvent;)V+73
J  java.awt.EventDispatchThread.pumpOneEventForFilters(I)V
j  java.awt.EventDispatchThread.pumpEventsForFilter(ILjava/awt/Conditional;Ljava/awt/EventFilter;)V+35
j  java.awt.EventDispatchThread.pumpEventsForFilter(Ljava/awt/Conditional;Ljava/awt/EventFilter;)V+4
j  java.awt.WaitDispatchSupport$2.run()V+59
j  java.awt.WaitDispatchSupport$4.run()Ljava/lang/Object;+4
v  ~StubRoutines::call_stub
j  java.security.AccessController.doPrivileged(Ljava/security/PrivilegedAction;)Ljava/lang/Object;+0
j  java.awt.WaitDispatchSupport.enter()Z+231
j  java.awt.Dialog.show()V+233
j  java.awt.Component.show(Z)V+5
j  java.awt.Component.setVisible(Z)V+2
j  java.awt.Window.setVisible(Z)V+2
j  java.awt.Dialog.setVisible(Z)V+2
j  quiz.GatewayForm.moviesButtonActionPerformed(Ljava/awt/event/ActionEvent;)V+18
j  quiz.GatewayForm.access$000(Lquiz/GatewayForm;Ljava/awt/event/ActionEvent;)V+2
j  quiz.GatewayForm$1.actionPerformed(Ljava/awt/event/ActionEvent;)V+5
j  javax.swing.AbstractButton.fireActionPerformed(Ljava/awt/event/ActionEvent;)V+84
j  javax.swing.AbstractButton$Handler.actionPerformed(Ljava/awt/event/ActionEvent;)V+5
j  javax.swing.DefaultButtonModel.fireActionPerformed(Ljava/awt/event/ActionEvent;)V+35
j  javax.swing.DefaultButtonModel.setPressed(Z)V+117
j  javax.swing.plaf.basic.BasicButtonListener$Actions.actionPerformed(Ljava/awt/event/ActionEvent;)V+70
j  javax.swing.SwingUtilities.notifyAction(Ljavax/swing/Action;Ljavax/swing/KeyStroke;Ljava/awt/event/KeyEvent;Ljava/lang/Object;I)Z+132
j  javax.swing.JComponent.processKeyBinding(Ljavax/swing/KeyStroke;Ljava/awt/event/KeyEvent;IZ)Z+72
j  javax.swing.JComponent.processKeyBindings(Ljava/awt/event/KeyEvent;Z)Z+111
j  javax.swing.JComponent.processKeyEvent(Ljava/awt/event/KeyEvent;)V+51
j  java.awt.Component.processEvent(Ljava/awt/AWTEvent;)V+121
j  java.awt.Container.processEvent(Ljava/awt/AWTEvent;)V+18
j  java.awt.Component.dispatchEventImpl(Ljava/awt/AWTEvent;)V+581
j  java.awt.Container.dispatchEventImpl(Ljava/awt/AWTEvent;)V+42
j  java.awt.Component.dispatchEvent(Ljava/awt/AWTEvent;)V+2
j  java.awt.KeyboardFocusManager.redispatchEvent(Ljava/awt/Component;Ljava/awt/AWTEvent;)V+7
j  java.awt.DefaultKeyboardFocusManager.dispatchKeyEvent(Ljava/awt/event/KeyEvent;)Z+63
j  java.awt.DefaultKeyboardFocusManager.preDispatchKeyEvent(Ljava/awt/event/KeyEvent;)Z+140
j  java.awt.DefaultKeyboardFocusManager.typeAheadAssertions(Ljava/awt/Component;Ljava/awt/AWTEvent;)Z+154
j  java.awt.DefaultKeyboardFocusManager.dispatchEvent(Ljava/awt/AWTEvent;)Z+1548
j  java.awt.Component.dispatchEventImpl(Ljava/awt/AWTEvent;)V+144
j  java.awt.Container.dispatchEventImpl(Ljava/awt/AWTEvent;)V+42
j  java.awt.Window.dispatchEventImpl(Ljava/awt/AWTEvent;)V+19
j  java.awt.Component.dispatchEvent(Ljava/awt/AWTEvent;)V+2
j  java.awt.EventQueue.dispatchEventImpl(Ljava/awt/AWTEvent;Ljava/lang/Object;)V+41
j  java.awt.EventQueue.access$200(Ljava/awt/EventQueue;Ljava/awt/AWTEvent;Ljava/lang/Object;)V+3
j  java.awt.EventQueue$3.run()Ljava/lang/Void;+12
j  java.awt.EventQueue$3.run()Ljava/lang/Object;+1
v  ~StubRoutines::call_stub
j  java.security.AccessController.doPrivileged(Ljava/security/PrivilegedAction;Ljava/security/AccessControlContext;)Ljava/lang/Object;+0
j  java.security.ProtectionDomain$1.doIntersectionPrivilege(Ljava/security/PrivilegedAction;Ljava/security/AccessControlContext;Ljava/security/AccessControlContext;)Ljava/lang/Object;+28
j  java.security.ProtectionDomain$1.doIntersectionPrivilege(Ljava/security/PrivilegedAction;Ljava/security/AccessControlContext;)Ljava/lang/Object;+6
j  java.awt.EventQueue$4.run()Ljava/lang/Void;+11
j  java.awt.EventQueue$4.run()Ljava/lang/Object;+1
v  ~StubRoutines::call_stub
j  java.security.AccessController.doPrivileged(Ljava/security/PrivilegedAction;Ljava/security/AccessControlContext;)Ljava/lang/Object;+0
j  java.security.ProtectionDomain$1.doIntersectionPrivilege(Ljava/security/PrivilegedAction;Ljava/security/AccessControlContext;Ljava/security/AccessControlContext;)Ljava/lang/Object;+28
j  java.awt.EventQueue.dispatchEvent(Ljava/awt/AWTEvent;)V+73
J  java.awt.EventDispatchThread.pumpOneEventForFilters(I)V
j  java.awt.EventDispatchThread.pumpEventsForFilter(ILjava/awt/Conditional;Ljava/awt/EventFilter;)V+35
j  java.awt.EventDispatchThread.pumpEventsForFilter(Ljava/awt/Conditional;Ljava/awt/EventFilter;)V+4
j  java.awt.WaitDispatchSupport$2.run()V+59
j  java.awt.WaitDispatchSupport$4.run()Ljava/lang/Object;+4
v  ~StubRoutines::call_stub
j  java.security.AccessController.doPrivileged(Ljava/security/PrivilegedAction;)Ljava/lang/Object;+0
j  java.awt.WaitDispatchSupport.enter()Z+231
j  java.awt.Dialog.show()V+233
j  java.awt.Component.show(Z)V+5
j  java.awt.Component.setVisible(Z)V+2
j  java.awt.Window.setVisible(Z)V+2
j  java.awt.Dialog.setVisible(Z)V+2
j  quiz.LogInForm.logInButtonActionPerformed(Ljava/awt/event/ActionEvent;)V+165
j  quiz.LogInForm.access$100(Lquiz/LogInForm;Ljava/awt/event/ActionEvent;)V+2
j  quiz.LogInForm$2.actionPerformed(Ljava/awt/event/ActionEvent;)V+5
j  javax.swing.AbstractButton.fireActionPerformed(Ljava/awt/event/ActionEvent;)V+84
j  javax.swing.AbstractButton$Handler.actionPerformed(Ljava/awt/event/ActionEvent;)V+5
j  javax.swing.DefaultButtonModel.fireActionPerformed(Ljava/awt/event/ActionEvent;)V+35
j  javax.swing.DefaultButtonModel.setPressed(Z)V+117
j  javax.swing.plaf.basic.BasicButtonListener$Actions.actionPerformed(Ljava/awt/event/ActionEvent;)V+70
j  javax.swing.SwingUtilities.notifyAction(Ljavax/swing/Action;Ljavax/swing/KeyStroke;Ljava/awt/event/KeyEvent;Ljava/lang/Object;I)Z+132
j  javax.swing.JComponent.processKeyBinding(Ljavax/swing/KeyStroke;Ljava/awt/event/KeyEvent;IZ)Z+72
j  javax.swing.JComponent.processKeyBindings(Ljava/awt/event/KeyEvent;Z)Z+111
j  javax.swing.JComponent.processKeyEvent(Ljava/awt/event/KeyEvent;)V+51
j  java.awt.Component.processEvent(Ljava/awt/AWTEvent;)V+121
j  java.awt.Container.processEvent(Ljava/awt/AWTEvent;)V+18
j  java.awt.Component.dispatchEventImpl(Ljava/awt/AWTEvent;)V+581
j  java.awt.Container.dispatchEventImpl(Ljava/awt/AWTEvent;)V+42
j  java.awt.Component.dispatchEvent(Ljava/awt/AWTEvent;)V+2
j  java.awt.KeyboardFocusManager.redispatchEvent(Ljava/awt/Component;Ljava/awt/AWTEvent;)V+7
j  java.awt.DefaultKeyboardFocusManager.dispatchKeyEvent(Ljava/awt/event/KeyEvent;)Z+63
j  java.awt.DefaultKeyboardFocusManager.preDispatchKeyEvent(Ljava/awt/event/KeyEvent;)Z+140
j  java.awt.DefaultKeyboardFocusManager.typeAheadAssertions(Ljava/awt/Component;Ljava/awt/AWTEvent;)Z+154
j  java.awt.DefaultKeyboardFocusManager.dispatchEvent(Ljava/awt/AWTEvent;)Z+1548
j  java.awt.Component.dispatchEventImpl(Ljava/awt/AWTEvent;)V+144
j  java.awt.Container.dispatchEventImpl(Ljava/awt/AWTEvent;)V+42
j  java.awt.Window.dispatchEventImpl(Ljava/awt/AWTEvent;)V+19
j  java.awt.Component.dispatchEvent(Ljava/awt/AWTEvent;)V+2
j  java.awt.EventQueue.dispatchEventImpl(Ljava/awt/AWTEvent;Ljava/lang/Object;)V+41
j  java.awt.EventQueue.access$200(Ljava/awt/EventQueue;Ljava/awt/AWTEvent;Ljava/lang/Object;)V+3
j  java.awt.EventQueue$3.run()Ljava/lang/Void;+12
j  java.awt.EventQueue$3.run()Ljava/lang/Object;+1
v  ~StubRoutines::call_stub
j  java.security.AccessController.doPrivileged(Ljava/security/PrivilegedAction;Ljava/security/AccessControlContext;)Ljava/lang/Object;+0
j  java.security.ProtectionDomain$1.doIntersectionPrivilege(Ljava/security/PrivilegedAction;Ljava/security/AccessControlContext;Ljava/security/AccessControlContext;)Ljava/lang/Object;+28
j  java.security.ProtectionDomain$1.doIntersectionPrivilege(Ljava/security/PrivilegedAction;Ljava/security/AccessControlContext;)Ljava/lang/Object;+6
j  java.awt.EventQueue$4.run()Ljava/lang/Void;+11
j  java.awt.EventQueue$4.run()Ljava/lang/Object;+1
v  ~StubRoutines::call_stub
j  java.security.AccessController.doPrivileged(Ljava/security/PrivilegedAction;Ljava/security/AccessControlContext;)Ljava/lang/Object;+0
j  java.security.ProtectionDomain$1.doIntersectionPrivilege(Ljava/security/PrivilegedAction;Ljava/security/AccessControlContext;Ljava/security/AccessControlContext;)Ljava/lang/Object;+28
j  java.awt.EventQueue.dispatchEvent(Ljava/awt/AWTEvent;)V+73
j  java.awt.EventDispatchThread.pumpOneEventForFilters(I)V+245
j  java.awt.EventDispatchThread.pumpEventsForFilter(ILjava/awt/Conditional;Ljava/awt/EventFilter;)V+35
j  java.awt.EventDispatchThread.pumpEventsForFilter(Ljava/awt/Conditional;Ljava/awt/EventFilter;)V+4
j  java.awt.WaitDispatchSupport$2.run()V+59
j  java.awt.WaitDispatchSupport$4.run()Ljava/lang/Object;+4
v  ~StubRoutines::call_stub
j  java.security.AccessController.doPrivileged(Ljava/security/PrivilegedAction;)Ljava/lang/Object;+0
j  java.awt.WaitDispatchSupport.enter()Z+231
j  java.awt.Dialog.show()V+233
j  java.awt.Component.show(Z)V+5
j  java.awt.Component.setVisible(Z)V+2
j  java.awt.Window.setVisible(Z)V+2
j  java.awt.Dialog.setVisible(Z)V+2
j  quiz.MainForm.jButton2ActionPerformed(Ljava/awt/event/ActionEvent;)V+12
j  quiz.MainForm.access$200(Lquiz/MainForm;Ljava/awt/event/ActionEvent;)V+2
j  quiz.MainForm$3.actionPerformed(Ljava/awt/event/ActionEvent;)V+5
j  javax.swing.AbstractButton.fireActionPerformed(Ljava/awt/event/ActionEvent;)V+84
j  javax.swing.AbstractButton$Handler.actionPerformed(Ljava/awt/event/ActionEvent;)V+5
j  javax.swing.DefaultButtonModel.fireActionPerformed(Ljava/awt/event/ActionEvent;)V+35
j  javax.swing.DefaultButtonModel.setPressed(Z)V+117
j  javax.swing.plaf.basic.BasicButtonListener$Actions.actionPerformed(Ljava/awt/event/ActionEvent;)V+70
j  javax.swing.SwingUtilities.notifyAction(Ljavax/swing/Action;Ljavax/swing/KeyStroke;Ljava/awt/event/KeyEvent;Ljava/lang/Object;I)Z+132
j  javax.swing.JComponent.processKeyBinding(Ljavax/swing/KeyStroke;Ljava/awt/event/KeyEvent;IZ)Z+72
j  javax.swing.JComponent.processKeyBindings(Ljava/awt/event/KeyEvent;Z)Z+111
j  javax.swing.JComponent.processKeyEvent(Ljava/awt/event/KeyEvent;)V+51
j  java.awt.Component.processEvent(Ljava/awt/AWTEvent;)V+121
j  java.awt.Container.processEvent(Ljava/awt/AWTEvent;)V+18
j  java.awt.Component.dispatchEventImpl(Ljava/awt/AWTEvent;)V+581
j  java.awt.Container.dispatchEventImpl(Ljava/awt/AWTEvent;)V+42
j  java.awt.Component.dispatchEvent(Ljava/awt/AWTEvent;)V+2
j  java.awt.KeyboardFocusManager.redispatchEvent(Ljava/awt/Component;Ljava/awt/AWTEvent;)V+7
j  java.awt.DefaultKeyboardFocusManager.dispatchKeyEvent(Ljava/awt/event/KeyEvent;)Z+63
j  java.awt.DefaultKeyboardFocusManager.preDispatchKeyEvent(Ljava/awt/event/KeyEvent;)Z+140
j  java.awt.DefaultKeyboardFocusManager.typeAheadAssertions(Ljava/awt/Component;Ljava/awt/AWTEvent;)Z+154
j  java.awt.DefaultKeyboardFocusManager.dispatchEvent(Ljava/awt/AWTEvent;)Z+1548
j  java.awt.Component.dispatchEventImpl(Ljava/awt/AWTEvent;)V+144
j  java.awt.Container.dispatchEventImpl(Ljava/awt/AWTEvent;)V+42
j  java.awt.Window.dispatchEventImpl(Ljava/awt/AWTEvent;)V+19
j  java.awt.Component.dispatchEvent(Ljava/awt/AWTEvent;)V+2
j  java.awt.EventQueue.dispatchEventImpl(Ljava/awt/AWTEvent;Ljava/lang/Object;)V+41
j  java.awt.EventQueue.access$200(Ljava/awt/EventQueue;Ljava/awt/AWTEvent;Ljava/lang/Object;)V+3
j  java.awt.EventQueue$3.run()Ljava/lang/Void;+12
j  java.awt.EventQueue$3.run()Ljava/lang/Object;+1
v  ~StubRoutines::call_stub
j  java.security.AccessController.doPrivileged(Ljava/security/PrivilegedAction;Ljava/security/AccessControlContext;)Ljava/lang/Object;+0
j  java.security.ProtectionDomain$1.doIntersectionPrivilege(Ljava/security/PrivilegedAction;Ljava/security/AccessControlContext;Ljava/security/AccessControlContext;)Ljava/lang/Object;+28
j  java.security.ProtectionDomain$1.doIntersectionPrivilege(Ljava/security/PrivilegedAction;Ljava/security/AccessControlContext;)Ljava/lang/Object;+6
j  java.awt.EventQueue$4.run()Ljava/lang/Void;+11
j  java.awt.EventQueue$4.run()Ljava/lang/Object;+1
v  ~StubRoutines::call_stub
j  java.security.AccessController.doPrivileged(Ljava/security/PrivilegedAction;Ljava/security/AccessControlContext;)Ljava/lang/Object;+0
j  java.security.ProtectionDomain$1.doIntersectionPrivilege(Ljava/security/PrivilegedAction;Ljava/security/AccessControlContext;Ljava/security/AccessControlContext;)Ljava/lang/Object;+28
j  java.awt.EventQueue.dispatchEvent(Ljava/awt/AWTEvent;)V+73
j  java.awt.EventDispatchThread.pumpOneEventForFilters(I)V+245
j  java.awt.EventDispatchThread.pumpEventsForFilter(ILjava/awt/Conditional;Ljava/awt/EventFilter;)V+35
j  java.awt.EventDispatchThread.pumpEventsForFilter(Ljava/awt/Conditional;Ljava/awt/EventFilter;)V+4
j  java.awt.WaitDispatchSupport$2.run()V+59
j  java.awt.event.InvocationEvent.dispatch()V+47
j  java.awt.EventQueue.dispatchEventImpl(Ljava/awt/AWTEvent;Ljava/lang/Object;)V+21
j  java.awt.EventQueue.access$200(Ljava/awt/EventQueue;Ljava/awt/AWTEvent;Ljava/lang/Object;)V+3
j  java.awt.EventQueue$3.run()Ljava/lang/Void;+12
j  java.awt.EventQueue$3.run()Ljava/lang/Object;+1
v  ~StubRoutines::call_stub
j  java.security.AccessController.doPrivileged(Ljava/security/PrivilegedAction;Ljava/security/AccessControlContext;)Ljava/lang/Object;+0
j  java.security.ProtectionDomain$1.doIntersectionPrivilege(Ljava/security/PrivilegedAction;Ljava/security/AccessControlContext;Ljava/security/AccessControlContext;)Ljava/lang/Object;+28
j  java.awt.EventQueue.dispatchEvent(Ljava/awt/AWTEvent;)V+46
j  java.awt.EventDispatchThread.pumpOneEventForFilters(I)V+245
j  java.awt.EventDispatchThread.pumpEventsForFilter(ILjava/awt/Conditional;Ljava/awt/EventFilter;)V+35
j  java.awt.EventDispatchThread.pumpEventsForHierarchy(ILjava/awt/Conditional;Ljava/awt/Component;)V+11
j  java.awt.EventDispatchThread.pumpEvents(ILjava/awt/Conditional;)V+4
j  java.awt.EventDispatchThread.pumpEvents(Ljava/awt/Conditional;)V+3
j  java.awt.EventDispatchThread.run()V+9
v  ~StubRoutines::call_stub

---------------  P R O C E S S  ---------------

Java Threads: ( => current thread )
  0x04a77800 JavaThread "TimerQueue" daemon [_thread_blocked, id=17636, stack(0x05d60000,0x05db0000)]
=>0x04a0d000 JavaThread "AWT-EventQueue-0" [_thread_in_vm, id=6380, stack(0x058c0000,0x05910000)]
  0x04a06c00 JavaThread "AWT-Windows" daemon [_thread_in_native, id=7336, stack(0x05410000,0x05460000)]
  0x04a06000 JavaThread "AWT-Shutdown" [_thread_blocked, id=5968, stack(0x05380000,0x053d0000)]
  0x04a05400 JavaThread "Java2D Disposer" daemon [_thread_blocked, id=8252, stack(0x052f0000,0x05340000)]
  0x022a4800 JavaThread "Service Thread" daemon [_thread_blocked, id=1608, stack(0x048b0000,0x04900000)]
  0x0229e000 JavaThread "C1 CompilerThread0" daemon [_thread_blocked, id=3952, stack(0x04820000,0x04870000)]
  0x0229cc00 JavaThread "Attach Listener" daemon [_thread_blocked, id=1348, stack(0x04790000,0x047e0000)]
  0x0229ac00 JavaThread "Signal Dispatcher" daemon [_thread_blocked, id=6484, stack(0x04700000,0x04750000)]
  0x02284c00 JavaThread "Finalizer" daemon [_thread_blocked, id=6008, stack(0x04670000,0x046c0000)]
  0x02283400 JavaThread "Reference Handler" daemon [_thread_blocked, id=5728, stack(0x045e0000,0x04630000)]
  0x009aac00 JavaThread "main" [_thread_blocked, id=11672, stack(0x00940000,0x00990000)]

Other Threads:
  0x02282000 VMThread [stack: 0x04550000,0x045a0000] [id=3892]
  0x022aac00 WatcherThread [stack: 0x04940000,0x04990000] [id=6384]

VM state:not at safepoint (normal execution)

VM Mutex/Monitor currently owned by a thread: None

Heap
 def new generation   total 4928K, used 2074K [0x24610000, 0x24b60000, 0x29b60000)
  eden space 4416K,  35% used [0x24610000, 0x24796800, 0x24a60000)
  from space 512K, 100% used [0x24ae0000, 0x24b60000, 0x24b60000)
  to   space 512K,   0% used [0x24a60000, 0x24a60000, 0x24ae0000)
 tenured generation   total 10944K, used 1330K [0x29b60000, 0x2a610000, 0x34610000)
   the space 10944K,  12% used [0x29b60000, 0x29cac8d0, 0x29caca00, 0x2a610000)
 compacting perm gen  total 12288K, used 1743K [0x34610000, 0x35210000, 0x38610000)
   the space 12288K,  14% used [0x34610000, 0x347c3d50, 0x347c3e00, 0x35210000)
    ro space 10240K,  45% used [0x38610000, 0x38a97290, 0x38a97400, 0x39010000)
    rw space 12288K,  54% used [0x39010000, 0x3969ace8, 0x3969ae00, 0x39c10000)

Card table byte_map: [0x023d0000,0x02480000] byte_map_base: 0x022acf80

Polling page: 0x008e0000

Code Cache  [0x024b0000, 0x025a8000, 0x044b0000)
 total_blobs=533 nmethods=300 adapters=168 free_code_cache=31778Kb largest_free_block=32541440

Compilation events (10 events):
Event: 26.176 Thread 0x0229e000  296             javax.swing.GroupLayout$ComponentSpring::getComponent (5 bytes)
Event: 26.176 Thread 0x0229e000 nmethod 296 0x025a4d08 code [0x025a4e00, 0x025a4e80]
Event: 26.435 Thread 0x0229e000  297             java.awt.AWTEvent::<init> (81 bytes)
Event: 26.435 Thread 0x0229e000 nmethod 297 0x025a4ec8 code [0x025a4ff0, 0x025a51d4]
Event: 26.439 Thread 0x0229e000  298             javax.swing.text.Utilities::getTabbedTextWidth (348 bytes)
Event: 26.440 Thread 0x0229e000 nmethod 298 0x025a5348 code [0x025a54d0, 0x025a5944]
Event: 26.440 Thread 0x0229e000  299             javax.swing.text.Utilities::drawTabbedText (409 bytes)
Event: 26.441 Thread 0x0229e000 nmethod 299 0x025a5f08 code [0x025a60e0, 0x025a685c]
Event: 26.546 Thread 0x0229e000  300             java.awt.Container::getMouseEventTarget (50 bytes)
Event: 26.546 Thread 0x0229e000 nmethod 300 0x025a7208 code [0x025a7310, 0x025a7448]

GC Heap History (2 events):
Event: 17.243 GC heap before
{Heap before GC invocations=0 (full 0):
 def new generation   total 4928K, used 4412K [0x24610000, 0x24b60000, 0x29b60000)
  eden space 4416K,  99% used [0x24610000, 0x24a5f028, 0x24a60000)
  from space 512K,   0% used [0x24a60000, 0x24a60000, 0x24ae0000)
  to   space 512K,   0% used [0x24ae0000, 0x24ae0000, 0x24b60000)
 tenured generation   total 10944K, used 0K [0x29b60000, 0x2a610000, 0x34610000)
   the space 10944K,   0% used [0x29b60000, 0x29b60000, 0x29b60200, 0x2a610000)
 compacting perm gen  total 12288K, used 1638K [0x34610000, 0x35210000, 0x38610000)
   the space 12288K,  13% used [0x34610000, 0x347a98e8, 0x347a9a00, 0x35210000)
    ro space 10240K,  45% used [0x38610000, 0x38a97290, 0x38a97400, 0x39010000)
    rw space 12288K,  54% used [0x39010000, 0x3969ace8, 0x3969ae00, 0x39c10000)
Event: 17.264 GC heap after
Heap after GC invocations=1 (full 0):
 def new generation   total 4928K, used 512K [0x24610000, 0x24b60000, 0x29b60000)
  eden space 4416K,   0% used [0x24610000, 0x24610000, 0x24a60000)
  from space 512K, 100% used [0x24ae0000, 0x24b60000, 0x24b60000)
  to   space 512K,   0% used [0x24a60000, 0x24a60000, 0x24ae0000)
 tenured generation   total 10944K, used 1330K [0x29b60000, 0x2a610000, 0x34610000)
   the space 10944K,  12% used [0x29b60000, 0x29cac8d0, 0x29caca00, 0x2a610000)
 compacting perm gen  total 12288K, used 1638K [0x34610000, 0x35210000, 0x38610000)
   the space 12288K,  13% used [0x34610000, 0x347a98e8, 0x347a9a00, 0x35210000)
    ro space 10240K,  45% used [0x38610000, 0x38a97290, 0x38a97400, 0x39010000)
    rw space 12288K,  54% used [0x39010000, 0x3969ace8, 0x3969ae00, 0x39c10000)
}

Deoptimization events (0 events):
No events

Internal exceptions (10 events):
Event: 11.397 Thread 0x04a0d000 Threw 0x248e9a40 at C:\jdk7u2_32P\jdk7u15\hotspot\src\share\vm\prims\jvm.cpp:1166
Event: 11.410 Thread 0x04a0d000 Threw 0x248f8a58 at C:\jdk7u2_32P\jdk7u15\hotspot\src\share\vm\prims\jvm.cpp:1166
Event: 11.411 Thread 0x04a0d000 Threw 0x248fa560 at C:\jdk7u2_32P\jdk7u15\hotspot\src\share\vm\prims\jvm.cpp:1166
Event: 12.642 Thread 0x04a0d000 Threw 0x249a4cf8 at C:\jdk7u2_32P\jdk7u15\hotspot\src\share\vm\prims\jvm.cpp:1166
Event: 12.681 Thread 0x04a0d000 Threw 0x249b6788 at C:\jdk7u2_32P\jdk7u15\hotspot\src\share\vm\prims\jvm.cpp:1166
Event: 12.704 Thread 0x04a0d000 Threw 0x249b8878 at C:\jdk7u2_32P\jdk7u15\hotspot\src\share\vm\prims\jvm.cpp:1166
Event: 16.902 Thread 0x04a0d000 Threw 0x249e6ff0 at C:\jdk7u2_32P\jdk7u15\hotspot\src\share\vm\prims\jvm.cpp:1166
Event: 16.920 Thread 0x04a0d000 Threw 0x24a056b0 at C:\jdk7u2_32P\jdk7u15\hotspot\src\share\vm\prims\jvm.cpp:1166
Event: 16.950 Thread 0x04a0d000 Threw 0x24a0e648 at C:\jdk7u2_32P\jdk7u15\hotspot\src\share\vm\prims\jvm.cpp:1166
Event: 17.220 Thread 0x04a0d000 Threw 0x24a1e210 at C:\jdk7u2_32P\jdk7u15\hotspot\src\share\vm\prims\jvm.cpp:1166

Events (10 events):
Event: 26.546 loading class 0x049f2df8
Event: 26.546 loading class 0x049f2df8 done
Event: 26.547 loading class 0x04a78ba8 done
Event: 26.547 loading class 0x022d2358
Event: 26.547 loading class 0x022d2358 done
Event: 26.547 loading class 0x022d26d8 done
Event: 26.548 loading class 0x04a91670
Event: 26.548 loading class 0x04a91670 done
Event: 26.548 loading class 0x04a96460
Event: 26.548 loading class 0x04a96460 done


Dynamic libraries:
0x00330000 - 0x0035f000 	C:\Program Files (x86)\Java\jdk1.7.0_15\bin\java.exe
0x774e0000 - 0x7764e000 	C:\Windows\SYSTEM32\ntdll.dll
0x74e80000 - 0x74fc0000 	C:\Windows\SYSTEM32\KERNEL32.DLL
0x75450000 - 0x75527000 	C:\Windows\SYSTEM32\KERNELBASE.dll
0x63790000 - 0x63830000 	C:\Windows\system32\apphelp.dll
0x564e0000 - 0x56746000 	C:\Windows\AppPatch\AcGenral.DLL
0x75fa0000 - 0x76063000 	C:\Windows\SYSTEM32\msvcrt.dll
0x756f0000 - 0x75731000 	C:\Windows\SYSTEM32\sechost.dll
0x74ce0000 - 0x74cfe000 	C:\Windows\SYSTEM32\SspiCli.dll
0x75d20000 - 0x75d65000 	C:\Windows\SYSTEM32\SHLWAPI.dll
0x66fa0000 - 0x6708d000 	C:\Windows\SYSTEM32\UxTheme.dll
0x75920000 - 0x75a73000 	C:\Windows\SYSTEM32\USER32.dll
0x75340000 - 0x7544e000 	C:\Windows\SYSTEM32\GDI32.dll
0x6f860000 - 0x6f883000 	C:\Windows\SYSTEM32\WINMM.dll
0x742a0000 - 0x742b3000 	C:\Windows\SYSTEM32\samcli.dll
0x75050000 - 0x75179000 	C:\Windows\SYSTEM32\ole32.dll
0x77350000 - 0x773e5000 	C:\Windows\SYSTEM32\OLEAUT32.dll
0x564c0000 - 0x564d7000 	C:\Windows\SYSTEM32\MSACM32.dll
0x749b0000 - 0x749b8000 	C:\Windows\SYSTEM32\VERSION.dll
0x760a0000 - 0x7734d000 	C:\Windows\SYSTEM32\SHELL32.dll
0x74990000 - 0x749ab000 	C:\Windows\SYSTEM32\USERENV.dll
0x66f80000 - 0x66f9a000 	C:\Windows\SYSTEM32\dwmapi.dll
0x693f0000 - 0x6953a000 	C:\Windows\SYSTEM32\urlmon.dll
0x75f00000 - 0x75f7c000 	C:\Windows\SYSTEM32\ADVAPI32.dll
0x56450000 - 0x564b5000 	C:\Windows\SYSTEM32\WINSPOOL.DRV
0x740f0000 - 0x74106000 	C:\Windows\SYSTEM32\MPR.dll
0x75b30000 - 0x75bea000 	C:\Windows\SYSTEM32\RPCRT4.dll
0x74cd0000 - 0x74cda000 	C:\Windows\SYSTEM32\CRYPTBASE.dll
0x74d00000 - 0x74e7d000 	C:\Windows\SYSTEM32\combase.dll
0x6f810000 - 0x6f833000 	C:\Windows\SYSTEM32\WINMMBASE.dll
0x74970000 - 0x7497f000 	C:\Windows\SYSTEM32\profapi.dll
0x691b0000 - 0x693e2000 	C:\Windows\SYSTEM32\iertutil.dll
0x68fc0000 - 0x691a4000 	C:\Windows\SYSTEM32\WININET.dll
0x74c70000 - 0x74cc4000 	C:\Windows\SYSTEM32\bcryptPrimitives.dll
0x75ae0000 - 0x75b1c000 	C:\Windows\SYSTEM32\cfgmgr32.dll
0x6f7e0000 - 0x6f801000 	C:\Windows\SYSTEM32\DEVOBJ.dll
0x73090000 - 0x7311b000 	C:\Windows\SYSTEM32\SHCORE.DLL
0x76070000 - 0x76097000 	C:\Windows\system32\IMM32.DLL
0x75180000 - 0x75292000 	C:\Windows\SYSTEM32\MSCTF.dll
0x66ca0000 - 0x66ea6000 	C:\Windows\WinSxS\x86_microsoft.windows.common-controls_6595b64144ccf1df_6.0.9600.17810_none_a9edf09f013934e0\COMCTL32.dll
0x668e0000 - 0x6699e000 	C:\Program Files (x86)\Java\jdk1.7.0_15\jre\bin\msvcr100.dll
0x5ec40000 - 0x5ef8c000 	C:\Program Files (x86)\Java\jdk1.7.0_15\jre\bin\client\jvm.dll
0x73020000 - 0x73028000 	C:\Windows\SYSTEM32\WSOCK32.dll
0x75b20000 - 0x75b26000 	C:\Windows\SYSTEM32\PSAPI.DLL
0x758d0000 - 0x75920000 	C:\Windows\SYSTEM32\WS2_32.dll
0x773f0000 - 0x773f7000 	C:\Windows\SYSTEM32\NSI.dll
0x66af0000 - 0x66afc000 	C:\Program Files (x86)\Java\jdk1.7.0_15\jre\bin\verify.dll
0x66880000 - 0x668a0000 	C:\Program Files (x86)\Java\jdk1.7.0_15\jre\bin\java.dll
0x66860000 - 0x66873000 	C:\Program Files (x86)\Java\jdk1.7.0_15\jre\bin\zip.dll
0x56440000 - 0x5644e000 	C:\Program Files (x86)\Java\jdk1.7.0_15\jre\bin\JdbcOdbc.dll
0x57e30000 - 0x57ed9000 	C:\Windows\SYSTEM32\ODBC32.dll
0x72980000 - 0x7299e000 	C:\Windows\SYSTEM32\bcrypt.dll
0x57d30000 - 0x57de2000 	C:\Windows\system32\SQLSRV32.dll
0x75740000 - 0x758c8000 	C:\Windows\SYSTEM32\CRYPT32.dll
0x74360000 - 0x74373000 	C:\Windows\system32\NETAPI32.dll
0x77400000 - 0x7740e000 	C:\Windows\SYSTEM32\MSASN1.dll
0x74300000 - 0x7430a000 	C:\Windows\system32\netutils.dll
0x742e0000 - 0x742fd000 	C:\Windows\system32\srvcli.dll
0x742c0000 - 0x742d1000 	C:\Windows\system32\wkscli.dll
0x672b0000 - 0x672b8000 	C:\Windows\system32\DPAPI.DLL
0x56420000 - 0x5643f000 	C:\Windows\system32\odbccp32.dll
0x56400000 - 0x5641f000 	C:\Windows\SYSTEM32\DBNETLIB.DLL
0x58680000 - 0x58683000 	C:\Windows\SYSTEM32\security.dll
0x74980000 - 0x7498a000 	C:\Windows\SYSTEM32\SECUR32.DLL
0x584d0000 - 0x58524000 	C:\Windows\SYSTEM32\msv1_0.DLL
0x58530000 - 0x58544000 	C:\Windows\SYSTEM32\cryptdll.dll
0x584b0000 - 0x584ca000 	C:\Windows\SYSTEM32\ntdsapi.dll
0x584a0000 - 0x584aa000 	C:\Windows\SYSTEM32\DSPARSE.DLL
0x731a0000 - 0x731eb000 	C:\Windows\system32\mswsock.dll
0x715e0000 - 0x7165e000 	C:\Windows\SYSTEM32\DNSAPI.dll
0x71590000 - 0x71598000 	C:\Windows\System32\rasadhlp.dll
0x74460000 - 0x74480000 	C:\Windows\SYSTEM32\IPHLPAPI.DLL
0x74350000 - 0x74358000 	C:\Windows\SYSTEM32\WINNSI.DLL
0x6a9a0000 - 0x6a9e6000 	C:\Windows\System32\fwpuclnt.dll
0x58620000 - 0x5867c000 	C:\Windows\SYSTEM32\schannel.dll
0x71570000 - 0x7158f000 	C:\Windows\SYSTEM32\ncrypt.dll
0x71540000 - 0x71569000 	C:\Windows\SYSTEM32\NTASN1.dll
0x58450000 - 0x58468000 	C:\Windows\system32\ncryptsslp.dll
0x563f0000 - 0x563f9000 	C:\Windows\SYSTEM32\netbios.dll
0x666e0000 - 0x66822000 	C:\Program Files (x86)\Java\jdk1.7.0_15\jre\bin\awt.dll
0x74280000 - 0x74289000 	C:\Windows\SYSTEM32\kernel.appcore.dll
0x666b0000 - 0x666da000 	C:\Program Files (x86)\Java\jdk1.7.0_15\jre\bin\fontmanager.dll
0x66840000 - 0x66854000 	C:\Program Files (x86)\Java\jdk1.7.0_15\jre\bin\net.dll
0x66830000 - 0x6683e000 	C:\Program Files (x86)\Java\jdk1.7.0_15\jre\bin\nio.dll
0x63750000 - 0x63781000 	C:\Program Files (x86)\Java\jdk1.7.0_15\jre\bin\t2k.dll
0x75c90000 - 0x75d1d000 	C:\Windows\SYSTEM32\clbcatq.dll
0x663e0000 - 0x6654b000 	C:\Windows\SYSTEM32\WindowsCodecs.dll
0x729d0000 - 0x729e9000 	C:\Windows\SYSTEM32\CRYPTSP.dll
0x729a0000 - 0x729d0000 	C:\Windows\system32\rsaenh.dll
0x57440000 - 0x57581000 	C:\Windows\SYSTEM32\dbghelp.dll

VM Arguments:
jvm_args: -Dfile.encoding=UTF-8 
java_command: quiz.Quiz
Launcher Type: SUN_STANDARD

Environment Variables:
PATH=C:\Program Files\Broadcom\Broadcom 802.11;;;;C:\Program Files (x86)\Intel\iCLS Client\;C:\Program Files\Intel\iCLS Client\;C:\Windows\system32;C:\Windows;C:\Windows\System32\Wbem;C:\Windows\System32\WindowsPowerShell\v1.0\;C:\Program Files\Hewlett-Packard\SimplePass\;C:\Program Files (x86)\NVIDIA Corporation\PhysX\Common;C:\Program Files\Intel\Intel(R) Management Engine Components\DAL;C:\Program Files\Intel\Intel(R) Management Engine Components\IPT;C:\Program Files (x86)\Intel\Intel(R) Management Engine Components\DAL;C:\Program Files (x86)\Intel\Intel(R) Management Engine Components\IPT;C:\Program Files (x86)\Microsoft SQL Server\100\Tools\Binn\;C:\Program Files\Microsoft SQL Server\100\Tools\Binn\;C:\Program Files\Microsoft SQL Server\100\DTS\Binn\;C:\Program Files (x86)\Microsoft SQL Server\100\Tools\Binn\VSShell\Common7\IDE\;C:\Program Files (x86)\Microsoft SQL Server\100\DTS\Binn\;C:\Program Files (x86)\Java\jdk1.7.0_15\bin
USERNAME=hp1
OS=Windows_NT
PROCESSOR_IDENTIFIER=Intel64 Family 6 Model 69 Stepping 1, GenuineIntel



---------------  S Y S T E M  ---------------

OS: Windows 8 , 64 bit Build 9200 

CPU:total 4 (2 cores per cpu, 2 threads per core) family 6 model 69 stepping 1, cmov, cx8, fxsr, mmx, sse, sse2, sse3, ssse3, sse4.1, sse4.2, popcnt, avx, avx2, ht, tsc, tscinvbit

Memory: 4k page, physical 8317080k(5494712k free), swap 16705688k(13307460k free)

vm_info: Java HotSpot(TM) Client VM (23.7-b01) for windows-x86 JRE (1.7.0_15-b03), built on Feb 15 2013 14:01:25 by "java_re" with unknown MS VC++:1600

time: Thu Jul 16 11:42:45 2015
elapsed time: 26 seconds

