#
# A fatal error has been detected by the Java Runtime Environment:
#
#  EXCEPTION_ACCESS_VIOLATION (0xc0000005) at pc=0x5ecebf33, pid=7220, tid=452
#
# JRE version: 7.0_15-b03
# Java VM: Java HotSpot(TM) Client VM (23.7-b01 mixed mode, sharing windows-x86 )
# Problematic frame:
# V  [jvm.dll+0xabf33]
#
# Failed to write core dump. Minidumps are not enabled by default on client versions of Windows
#
# If you would like to submit a bug report, please visit:
#   http://bugreport.sun.com/bugreport/crash.jsp
#

---------------  T H R E A D  ---------------

Current thread (0x04391c00):  JavaThread "AWT-EventQueue-0" [_thread_in_vm, id=452, stack(0x05260000,0x052b0000)]

siginfo: ExceptionCode=0xc0000005, reading address 0x00000000

Registers:
EAX=0x00000000, EBX=0x34649f40, ECX=0x00000000, EDX=0x3464ef60
ESP=0x052aa618, EBP=0x052aa62c, ESI=0x04391d28, EDI=0x04391c00
EIP=0x5ecebf33, EFLAGS=0x00010246

Top of Stack: (sp=0x052aa618)
0x052aa618:   04391c00 00000006 04391c00 04391d28
0x052aa628:   34649f40 052aa648 572810a0 04391c00
0x052aa638:   00000000 00000000 04391c00 34649f40
0x052aa648:   052aa684 01e6a717 04391d28 052aa698
0x052aa658:   00000000 01e16e54 01e16e5c 052aa664
0x052aa668:   00000000 052aa698 3464ef60 00000000
0x052aa678:   34649f40 00000000 052aa694 052aa6bc
0x052aa688:   01e6340f 00000000 01e68989 00000000 

Instructions: (pc=0x5ecebf33)
0x5ecebf13:   00 00 74 0c e8 24 88 09 00 33 ff 89 7d 08 eb 05
0x5ecebf23:   89 4d 08 8b f9 6a 06 57 e8 80 7e f5 ff 8b 45 0c
0x5ecebf33:   8b 18 8b 73 08 83 c4 08 85 f6 75 3d a1 28 d9 f4
0x5ecebf43:   5e 85 c0 75 30 e8 23 e8 0c 00 6a 00 8b f0 6a 00 


Register to memory mapping:

EAX=0x00000000 is an unknown value
EBX=0x34649f40 is an oop
{method} 
 - klass: {other class}
ECX=0x00000000 is an unknown value
EDX=0x3464ef60 is an oop
{constant pool cache} 
 - klass: {other class}
ESP=0x052aa618 is pointing into the stack for thread: 0x04391c00
EBP=0x052aa62c is pointing into the stack for thread: 0x04391c00
ESI=0x04391d28 is an unknown value
EDI=0x04391c00 is a thread


Stack: [0x05260000,0x052b0000],  sp=0x052aa618,  free space=297k
Native frames: (J=compiled Java code, j=interpreted, Vv=VM code, C=native code)
V  [jvm.dll+0xabf33]
C  [JdbcOdbc.dll+0x10a0]  Java_sun_jdbc_odbc_JdbcOdbc_bufferToInt+0x16
j  sun.jdbc.odbc.JdbcOdbc.bufferToInt([B)I+0
j  sun.jdbc.odbc.JdbcOdbcCallableStatement.getInt(I)I+19
j  quiz.GameWindowForm.nextButtonActionPerformed(Ljava/awt/event/ActionEvent;)V+345
j  quiz.GameWindowForm.access$000(Lquiz/GameWindowForm;Ljava/awt/event/ActionEvent;)V+2
j  quiz.GameWindowForm$1.actionPerformed(Ljava/awt/event/ActionEvent;)V+5
j  javax.swing.AbstractButton.fireActionPerformed(Ljava/awt/event/ActionEvent;)V+84
j  javax.swing.AbstractButton$Handler.actionPerformed(Ljava/awt/event/ActionEvent;)V+5
j  javax.swing.DefaultButtonModel.fireActionPerformed(Ljava/awt/event/ActionEvent;)V+35
j  javax.swing.DefaultButtonModel.setPressed(Z)V+117
j  javax.swing.plaf.basic.BasicButtonListener.mouseReleased(Ljava/awt/event/MouseEvent;)V+35
j  java.awt.Component.processMouseEvent(Ljava/awt/event/MouseEvent;)V+64
j  javax.swing.JComponent.processMouseEvent(Ljava/awt/event/MouseEvent;)V+23
j  java.awt.Component.processEvent(Ljava/awt/AWTEvent;)V+81
j  java.awt.Container.processEvent(Ljava/awt/AWTEvent;)V+18
j  java.awt.Component.dispatchEventImpl(Ljava/awt/AWTEvent;)V+581
j  java.awt.Container.dispatchEventImpl(Ljava/awt/AWTEvent;)V+42
j  java.awt.Component.dispatchEvent(Ljava/awt/AWTEvent;)V+2
j  java.awt.LightweightDispatcher.retargetMouseEvent(Ljava/awt/Component;ILjava/awt/event/MouseEvent;)V+327
j  java.awt.LightweightDispatcher.processMouseEvent(Ljava/awt/event/MouseEvent;)Z+139
j  java.awt.LightweightDispatcher.dispatchEvent(Ljava/awt/AWTEvent;)Z+50
j  java.awt.Container.dispatchEventImpl(Ljava/awt/AWTEvent;)V+12
j  java.awt.Window.dispatchEventImpl(Ljava/awt/AWTEvent;)V+19
j  java.awt.Component.dispatchEvent(Ljava/awt/AWTEvent;)V+2
j  java.awt.EventQueue.dispatchEventImpl(Ljava/awt/AWTEvent;Ljava/lang/Object;)V+41
j  java.awt.EventQueue.access$200(Ljava/awt/EventQueue;Ljava/awt/AWTEvent;Ljava/lang/Object;)V+3
j  java.awt.EventQueue$3.run()Ljava/lang/Void;+12
j  java.awt.EventQueue$3.run()Ljava/lang/Object;+1
v  ~StubRoutines::call_stub
V  [jvm.dll+0x12a34a]
V  [jvm.dll+0x1d968e]
V  [jvm.dll+0x12a3cd]
V  [jvm.dll+0xd9d0a]
C  [java.dll+0x102f]  Java_java_security_AccessController_doPrivileged__Ljava_security_PrivilegedAction_2Ljava_security_AccessControlContext_2+0x17
j  java.security.ProtectionDomain$1.doIntersectionPrivilege(Ljava/security/PrivilegedAction;Ljava/security/AccessControlContext;Ljava/security/AccessControlContext;)Ljava/lang/Object;+28
j  java.security.ProtectionDomain$1.doIntersectionPrivilege(Ljava/security/PrivilegedAction;Ljava/security/AccessControlContext;)Ljava/lang/Object;+6
j  java.awt.EventQueue$4.run()Ljava/lang/Void;+11
j  java.awt.EventQueue$4.run()Ljava/lang/Object;+1
v  ~StubRoutines::call_stub
V  [jvm.dll+0x12a34a]
V  [jvm.dll+0x1d968e]
V  [jvm.dll+0x12a3cd]
V  [jvm.dll+0xd9d0a]
C  [java.dll+0x102f]  Java_java_security_AccessController_doPrivileged__Ljava_security_PrivilegedAction_2Ljava_security_AccessControlContext_2+0x17
j  java.security.ProtectionDomain$1.doIntersectionPrivilege(Ljava/security/PrivilegedAction;Ljava/security/AccessControlContext;Ljava/security/AccessControlContext;)Ljava/lang/Object;+28
j  java.awt.EventQueue.dispatchEvent(Ljava/awt/AWTEvent;)V+73
J  java.awt.EventDispatchThread.pumpOneEventForFilters(I)V
j  java.awt.EventDispatchThread.pumpEventsForFilter(Ljava/awt/Conditional;Ljava/awt/EventFilter;)V+4
j  java.awt.WaitDispatchSupport$2.run()V+59
j  java.awt.WaitDispatchSupport$4.run()Ljava/lang/Object;+4
v  ~StubRoutines::call_stub
V  [jvm.dll+0x12a34a]
V  [jvm.dll+0x1d968e]
V  [jvm.dll+0x12a3cd]
V  [jvm.dll+0xd9d0a]
C  [java.dll+0x1015]  Java_java_security_AccessController_doPrivileged__Ljava_security_PrivilegedAction_2+0x15
j  java.awt.WaitDispatchSupport.enter()Z+231
j  java.awt.Dialog.show()V+233
j  java.awt.Component.show(Z)V+5
j  java.awt.Component.setVisible(Z)V+2
j  java.awt.Window.setVisible(Z)V+2
j  java.awt.Dialog.setVisible(Z)V+2
j  quiz.GatewayForm.moviesButtonActionPerformed(Ljava/awt/event/ActionEvent;)V+18
j  quiz.GatewayForm.access$000(Lquiz/GatewayForm;Ljava/awt/event/ActionEvent;)V+2
j  quiz.GatewayForm$1.actionPerformed(Ljava/awt/event/ActionEvent;)V+5
j  javax.swing.AbstractButton.fireActionPerformed(Ljava/awt/event/ActionEvent;)V+84
j  javax.swing.AbstractButton$Handler.actionPerformed(Ljava/awt/event/ActionEvent;)V+5
j  javax.swing.DefaultButtonModel.fireActionPerformed(Ljava/awt/event/ActionEvent;)V+35
j  javax.swing.DefaultButtonModel.setPressed(Z)V+117
j  javax.swing.plaf.basic.BasicButtonListener.mouseReleased(Ljava/awt/event/MouseEvent;)V+35
j  java.awt.Component.processMouseEvent(Ljava/awt/event/MouseEvent;)V+64
j  javax.swing.JComponent.processMouseEvent(Ljava/awt/event/MouseEvent;)V+23
j  java.awt.Component.processEvent(Ljava/awt/AWTEvent;)V+81
j  java.awt.Container.processEvent(Ljava/awt/AWTEvent;)V+18
j  java.awt.Component.dispatchEventImpl(Ljava/awt/AWTEvent;)V+581
j  java.awt.Container.dispatchEventImpl(Ljava/awt/AWTEvent;)V+42
j  java.awt.Component.dispatchEvent(Ljava/awt/AWTEvent;)V+2
j  java.awt.LightweightDispatcher.retargetMouseEvent(Ljava/awt/Component;ILjava/awt/event/MouseEvent;)V+327
j  java.awt.LightweightDispatcher.processMouseEvent(Ljava/awt/event/MouseEvent;)Z+139
j  java.awt.LightweightDispatcher.dispatchEvent(Ljava/awt/AWTEvent;)Z+50
j  java.awt.Container.dispatchEventImpl(Ljava/awt/AWTEvent;)V+12
j  java.awt.Window.dispatchEventImpl(Ljava/awt/AWTEvent;)V+19
j  java.awt.Component.dispatchEvent(Ljava/awt/AWTEvent;)V+2
j  java.awt.EventQueue.dispatchEventImpl(Ljava/awt/AWTEvent;Ljava/lang/Object;)V+41
j  java.awt.EventQueue.access$200(Ljava/awt/EventQueue;Ljava/awt/AWTEvent;Ljava/lang/Object;)V+3
j  java.awt.EventQueue$3.run()Ljava/lang/Void;+12
j  java.awt.EventQueue$3.run()Ljava/lang/Object;+1
v  ~StubRoutines::call_stub
V  [jvm.dll+0x12a34a]
V  [jvm.dll+0x1d968e]
V  [jvm.dll+0x12a3cd]
V  [jvm.dll+0xd9d0a]
C  [java.dll+0x102f]  Java_java_security_AccessController_doPrivileged__Ljava_security_PrivilegedAction_2Ljava_security_AccessControlContext_2+0x17
j  java.security.ProtectionDomain$1.doIntersectionPrivilege(Ljava/security/PrivilegedAction;Ljava/security/AccessControlContext;Ljava/security/AccessControlContext;)Ljava/lang/Object;+28
j  java.security.ProtectionDomain$1.doIntersectionPrivilege(Ljava/security/PrivilegedAction;Ljava/security/AccessControlContext;)Ljava/lang/Object;+6
j  java.awt.EventQueue$4.run()Ljava/lang/Void;+11
j  java.awt.EventQueue$4.run()Ljava/lang/Object;+1
v  ~StubRoutines::call_stub
V  [jvm.dll+0x12a34a]
...<more frames>...

Java frames: (J=compiled Java code, j=interpreted, Vv=VM code)
j  sun.jdbc.odbc.JdbcOdbc.bufferToInt([B)I+0
j  sun.jdbc.odbc.JdbcOdbcCallableStatement.getInt(I)I+19
j  quiz.GameWindowForm.nextButtonActionPerformed(Ljava/awt/event/ActionEvent;)V+345
j  quiz.GameWindowForm.access$000(Lquiz/GameWindowForm;Ljava/awt/event/ActionEvent;)V+2
j  quiz.GameWindowForm$1.actionPerformed(Ljava/awt/event/ActionEvent;)V+5
j  javax.swing.AbstractButton.fireActionPerformed(Ljava/awt/event/ActionEvent;)V+84
j  javax.swing.AbstractButton$Handler.actionPerformed(Ljava/awt/event/ActionEvent;)V+5
j  javax.swing.DefaultButtonModel.fireActionPerformed(Ljava/awt/event/ActionEvent;)V+35
j  javax.swing.DefaultButtonModel.setPressed(Z)V+117
j  javax.swing.plaf.basic.BasicButtonListener.mouseReleased(Ljava/awt/event/MouseEvent;)V+35
j  java.awt.Component.processMouseEvent(Ljava/awt/event/MouseEvent;)V+64
j  javax.swing.JComponent.processMouseEvent(Ljava/awt/event/MouseEvent;)V+23
j  java.awt.Component.processEvent(Ljava/awt/AWTEvent;)V+81
j  java.awt.Container.processEvent(Ljava/awt/AWTEvent;)V+18
j  java.awt.Component.dispatchEventImpl(Ljava/awt/AWTEvent;)V+581
j  java.awt.Container.dispatchEventImpl(Ljava/awt/AWTEvent;)V+42
j  java.awt.Component.dispatchEvent(Ljava/awt/AWTEvent;)V+2
j  java.awt.LightweightDispatcher.retargetMouseEvent(Ljava/awt/Component;ILjava/awt/event/MouseEvent;)V+327
j  java.awt.LightweightDispatcher.processMouseEvent(Ljava/awt/event/MouseEvent;)Z+139
j  java.awt.LightweightDispatcher.dispatchEvent(Ljava/awt/AWTEvent;)Z+50
j  java.awt.Container.dispatchEventImpl(Ljava/awt/AWTEvent;)V+12
j  java.awt.Window.dispatchEventImpl(Ljava/awt/AWTEvent;)V+19
j  java.awt.Component.dispatchEvent(Ljava/awt/AWTEvent;)V+2
j  java.awt.EventQueue.dispatchEventImpl(Ljava/awt/AWTEvent;Ljava/lang/Object;)V+41
j  java.awt.EventQueue.access$200(Ljava/awt/EventQueue;Ljava/awt/AWTEvent;Ljava/lang/Object;)V+3
j  java.awt.EventQueue$3.run()Ljava/lang/Void;+12
j  java.awt.EventQueue$3.run()Ljava/lang/Object;+1
v  ~StubRoutines::call_stub
j  java.security.AccessController.doPrivileged(Ljava/security/PrivilegedAction;Ljava/security/AccessControlContext;)Ljava/lang/Object;+0
j  java.security.ProtectionDomain$1.doIntersectionPrivilege(Ljava/security/PrivilegedAction;Ljava/security/AccessControlContext;Ljava/security/AccessControlContext;)Ljava/lang/Object;+28
j  java.security.ProtectionDomain$1.doIntersectionPrivilege(Ljava/security/PrivilegedAction;Ljava/security/AccessControlContext;)Ljava/lang/Object;+6
j  java.awt.EventQueue$4.run()Ljava/lang/Void;+11
j  java.awt.EventQueue$4.run()Ljava/lang/Object;+1
v  ~StubRoutines::call_stub
j  java.security.AccessController.doPrivileged(Ljava/security/PrivilegedAction;Ljava/security/AccessControlContext;)Ljava/lang/Object;+0
j  java.security.ProtectionDomain$1.doIntersectionPrivilege(Ljava/security/PrivilegedAction;Ljava/security/AccessControlContext;Ljava/security/AccessControlContext;)Ljava/lang/Object;+28
j  java.awt.EventQueue.dispatchEvent(Ljava/awt/AWTEvent;)V+73
J  java.awt.EventDispatchThread.pumpOneEventForFilters(I)V
j  java.awt.EventDispatchThread.pumpEventsForFilter(ILjava/awt/Conditional;Ljava/awt/EventFilter;)V+35
j  java.awt.EventDispatchThread.pumpEventsForFilter(Ljava/awt/Conditional;Ljava/awt/EventFilter;)V+4
j  java.awt.WaitDispatchSupport$2.run()V+59
j  java.awt.WaitDispatchSupport$4.run()Ljava/lang/Object;+4
v  ~StubRoutines::call_stub
j  java.security.AccessController.doPrivileged(Ljava/security/PrivilegedAction;)Ljava/lang/Object;+0
j  java.awt.WaitDispatchSupport.enter()Z+231
j  java.awt.Dialog.show()V+233
j  java.awt.Component.show(Z)V+5
j  java.awt.Component.setVisible(Z)V+2
j  java.awt.Window.setVisible(Z)V+2
j  java.awt.Dialog.setVisible(Z)V+2
j  quiz.GatewayForm.moviesButtonActionPerformed(Ljava/awt/event/ActionEvent;)V+18
j  quiz.GatewayForm.access$000(Lquiz/GatewayForm;Ljava/awt/event/ActionEvent;)V+2
j  quiz.GatewayForm$1.actionPerformed(Ljava/awt/event/ActionEvent;)V+5
j  javax.swing.AbstractButton.fireActionPerformed(Ljava/awt/event/ActionEvent;)V+84
j  javax.swing.AbstractButton$Handler.actionPerformed(Ljava/awt/event/ActionEvent;)V+5
j  javax.swing.DefaultButtonModel.fireActionPerformed(Ljava/awt/event/ActionEvent;)V+35
j  javax.swing.DefaultButtonModel.setPressed(Z)V+117
j  javax.swing.plaf.basic.BasicButtonListener.mouseReleased(Ljava/awt/event/MouseEvent;)V+35
j  java.awt.Component.processMouseEvent(Ljava/awt/event/MouseEvent;)V+64
j  javax.swing.JComponent.processMouseEvent(Ljava/awt/event/MouseEvent;)V+23
j  java.awt.Component.processEvent(Ljava/awt/AWTEvent;)V+81
j  java.awt.Container.processEvent(Ljava/awt/AWTEvent;)V+18
j  java.awt.Component.dispatchEventImpl(Ljava/awt/AWTEvent;)V+581
j  java.awt.Container.dispatchEventImpl(Ljava/awt/AWTEvent;)V+42
j  java.awt.Component.dispatchEvent(Ljava/awt/AWTEvent;)V+2
j  java.awt.LightweightDispatcher.retargetMouseEvent(Ljava/awt/Component;ILjava/awt/event/MouseEvent;)V+327
j  java.awt.LightweightDispatcher.processMouseEvent(Ljava/awt/event/MouseEvent;)Z+139
j  java.awt.LightweightDispatcher.dispatchEvent(Ljava/awt/AWTEvent;)Z+50
j  java.awt.Container.dispatchEventImpl(Ljava/awt/AWTEvent;)V+12
j  java.awt.Window.dispatchEventImpl(Ljava/awt/AWTEvent;)V+19
j  java.awt.Component.dispatchEvent(Ljava/awt/AWTEvent;)V+2
j  java.awt.EventQueue.dispatchEventImpl(Ljava/awt/AWTEvent;Ljava/lang/Object;)V+41
j  java.awt.EventQueue.access$200(Ljava/awt/EventQueue;Ljava/awt/AWTEvent;Ljava/lang/Object;)V+3
j  java.awt.EventQueue$3.run()Ljava/lang/Void;+12
j  java.awt.EventQueue$3.run()Ljava/lang/Object;+1
v  ~StubRoutines::call_stub
j  java.security.AccessController.doPrivileged(Ljava/security/PrivilegedAction;Ljava/security/AccessControlContext;)Ljava/lang/Object;+0
j  java.security.ProtectionDomain$1.doIntersectionPrivilege(Ljava/security/PrivilegedAction;Ljava/security/AccessControlContext;Ljava/security/AccessControlContext;)Ljava/lang/Object;+28
j  java.security.ProtectionDomain$1.doIntersectionPrivilege(Ljava/security/PrivilegedAction;Ljava/security/AccessControlContext;)Ljava/lang/Object;+6
j  java.awt.EventQueue$4.run()Ljava/lang/Void;+11
j  java.awt.EventQueue$4.run()Ljava/lang/Object;+1
v  ~StubRoutines::call_stub
j  java.security.AccessController.doPrivileged(Ljava/security/PrivilegedAction;Ljava/security/AccessControlContext;)Ljava/lang/Object;+0
j  java.security.ProtectionDomain$1.doIntersectionPrivilege(Ljava/security/PrivilegedAction;Ljava/security/AccessControlContext;Ljava/security/AccessControlContext;)Ljava/lang/Object;+28
j  java.awt.EventQueue.dispatchEvent(Ljava/awt/AWTEvent;)V+73
j  java.awt.EventDispatchThread.pumpOneEventForFilters(I)V+245
j  java.awt.EventDispatchThread.pumpEventsForFilter(ILjava/awt/Conditional;Ljava/awt/EventFilter;)V+35
j  java.awt.EventDispatchThread.pumpEventsForFilter(Ljava/awt/Conditional;Ljava/awt/EventFilter;)V+4
j  java.awt.WaitDispatchSupport$2.run()V+59
j  java.awt.WaitDispatchSupport$4.run()Ljava/lang/Object;+4
v  ~StubRoutines::call_stub
j  java.security.AccessController.doPrivileged(Ljava/security/PrivilegedAction;)Ljava/lang/Object;+0
j  java.awt.WaitDispatchSupport.enter()Z+231
j  java.awt.Dialog.show()V+233
j  java.awt.Component.show(Z)V+5
j  java.awt.Component.setVisible(Z)V+2
j  java.awt.Window.setVisible(Z)V+2
j  java.awt.Dialog.setVisible(Z)V+2
j  quiz.LogInForm.logInButtonActionPerformed(Ljava/awt/event/ActionEvent;)V+165
j  quiz.LogInForm.access$100(Lquiz/LogInForm;Ljava/awt/event/ActionEvent;)V+2
j  quiz.LogInForm$2.actionPerformed(Ljava/awt/event/ActionEvent;)V+5
j  javax.swing.AbstractButton.fireActionPerformed(Ljava/awt/event/ActionEvent;)V+84
j  javax.swing.AbstractButton$Handler.actionPerformed(Ljava/awt/event/ActionEvent;)V+5
j  javax.swing.DefaultButtonModel.fireActionPerformed(Ljava/awt/event/ActionEvent;)V+35
j  javax.swing.DefaultButtonModel.setPressed(Z)V+117
j  javax.swing.plaf.basic.BasicButtonListener.mouseReleased(Ljava/awt/event/MouseEvent;)V+35
j  java.awt.Component.processMouseEvent(Ljava/awt/event/MouseEvent;)V+64
j  javax.swing.JComponent.processMouseEvent(Ljava/awt/event/MouseEvent;)V+23
j  java.awt.Component.processEvent(Ljava/awt/AWTEvent;)V+81
j  java.awt.Container.processEvent(Ljava/awt/AWTEvent;)V+18
j  java.awt.Component.dispatchEventImpl(Ljava/awt/AWTEvent;)V+581
j  java.awt.Container.dispatchEventImpl(Ljava/awt/AWTEvent;)V+42
j  java.awt.Component.dispatchEvent(Ljava/awt/AWTEvent;)V+2
j  java.awt.LightweightDispatcher.retargetMouseEvent(Ljava/awt/Component;ILjava/awt/event/MouseEvent;)V+327
j  java.awt.LightweightDispatcher.processMouseEvent(Ljava/awt/event/MouseEvent;)Z+139
j  java.awt.LightweightDispatcher.dispatchEvent(Ljava/awt/AWTEvent;)Z+50
j  java.awt.Container.dispatchEventImpl(Ljava/awt/AWTEvent;)V+12
j  java.awt.Window.dispatchEventImpl(Ljava/awt/AWTEvent;)V+19
j  java.awt.Component.dispatchEvent(Ljava/awt/AWTEvent;)V+2
j  java.awt.EventQueue.dispatchEventImpl(Ljava/awt/AWTEvent;Ljava/lang/Object;)V+41
j  java.awt.EventQueue.access$200(Ljava/awt/EventQueue;Ljava/awt/AWTEvent;Ljava/lang/Object;)V+3
j  java.awt.EventQueue$3.run()Ljava/lang/Void;+12
j  java.awt.EventQueue$3.run()Ljava/lang/Object;+1
v  ~StubRoutines::call_stub
j  java.security.AccessController.doPrivileged(Ljava/security/PrivilegedAction;Ljava/security/AccessControlContext;)Ljava/lang/Object;+0
j  java.security.ProtectionDomain$1.doIntersectionPrivilege(Ljava/security/PrivilegedAction;Ljava/security/AccessControlContext;Ljava/security/AccessControlContext;)Ljava/lang/Object;+28
j  java.security.ProtectionDomain$1.doIntersectionPrivilege(Ljava/security/PrivilegedAction;Ljava/security/AccessControlContext;)Ljava/lang/Object;+6
j  java.awt.EventQueue$4.run()Ljava/lang/Void;+11
j  java.awt.EventQueue$4.run()Ljava/lang/Object;+1
v  ~StubRoutines::call_stub
j  java.security.AccessController.doPrivileged(Ljava/security/PrivilegedAction;Ljava/security/AccessControlContext;)Ljava/lang/Object;+0
j  java.security.ProtectionDomain$1.doIntersectionPrivilege(Ljava/security/PrivilegedAction;Ljava/security/AccessControlContext;Ljava/security/AccessControlContext;)Ljava/lang/Object;+28
j  java.awt.EventQueue.dispatchEvent(Ljava/awt/AWTEvent;)V+73
j  java.awt.EventDispatchThread.pumpOneEventForFilters(I)V+245
j  java.awt.EventDispatchThread.pumpEventsForFilter(ILjava/awt/Conditional;Ljava/awt/EventFilter;)V+35
j  java.awt.EventDispatchThread.pumpEventsForFilter(Ljava/awt/Conditional;Ljava/awt/EventFilter;)V+4
j  java.awt.WaitDispatchSupport$2.run()V+59
j  java.awt.WaitDispatchSupport$4.run()Ljava/lang/Object;+4
v  ~StubRoutines::call_stub
j  java.security.AccessController.doPrivileged(Ljava/security/PrivilegedAction;)Ljava/lang/Object;+0
j  java.awt.WaitDispatchSupport.enter()Z+231
j  java.awt.Dialog.show()V+233
j  java.awt.Component.show(Z)V+5
j  java.awt.Component.setVisible(Z)V+2
j  java.awt.Window.setVisible(Z)V+2
j  java.awt.Dialog.setVisible(Z)V+2
j  quiz.MainForm.jButton2ActionPerformed(Ljava/awt/event/ActionEvent;)V+12
j  quiz.MainForm.access$200(Lquiz/MainForm;Ljava/awt/event/ActionEvent;)V+2
j  quiz.MainForm$3.actionPerformed(Ljava/awt/event/ActionEvent;)V+5
j  javax.swing.AbstractButton.fireActionPerformed(Ljava/awt/event/ActionEvent;)V+84
j  javax.swing.AbstractButton$Handler.actionPerformed(Ljava/awt/event/ActionEvent;)V+5
j  javax.swing.DefaultButtonModel.fireActionPerformed(Ljava/awt/event/ActionEvent;)V+35
j  javax.swing.DefaultButtonModel.setPressed(Z)V+117
j  javax.swing.plaf.basic.BasicButtonListener.mouseReleased(Ljava/awt/event/MouseEvent;)V+35
j  java.awt.Component.processMouseEvent(Ljava/awt/event/MouseEvent;)V+64
j  javax.swing.JComponent.processMouseEvent(Ljava/awt/event/MouseEvent;)V+23
j  java.awt.Component.processEvent(Ljava/awt/AWTEvent;)V+81
j  java.awt.Container.processEvent(Ljava/awt/AWTEvent;)V+18
j  java.awt.Component.dispatchEventImpl(Ljava/awt/AWTEvent;)V+581
j  java.awt.Container.dispatchEventImpl(Ljava/awt/AWTEvent;)V+42
j  java.awt.Component.dispatchEvent(Ljava/awt/AWTEvent;)V+2
j  java.awt.LightweightDispatcher.retargetMouseEvent(Ljava/awt/Component;ILjava/awt/event/MouseEvent;)V+327
j  java.awt.LightweightDispatcher.processMouseEvent(Ljava/awt/event/MouseEvent;)Z+139
j  java.awt.LightweightDispatcher.dispatchEvent(Ljava/awt/AWTEvent;)Z+50
j  java.awt.Container.dispatchEventImpl(Ljava/awt/AWTEvent;)V+12
j  java.awt.Window.dispatchEventImpl(Ljava/awt/AWTEvent;)V+19
j  java.awt.Component.dispatchEvent(Ljava/awt/AWTEvent;)V+2
j  java.awt.EventQueue.dispatchEventImpl(Ljava/awt/AWTEvent;Ljava/lang/Object;)V+41
j  java.awt.EventQueue.access$200(Ljava/awt/EventQueue;Ljava/awt/AWTEvent;Ljava/lang/Object;)V+3
j  java.awt.EventQueue$3.run()Ljava/lang/Void;+12
j  java.awt.EventQueue$3.run()Ljava/lang/Object;+1
v  ~StubRoutines::call_stub
j  java.security.AccessController.doPrivileged(Ljava/security/PrivilegedAction;Ljava/security/AccessControlContext;)Ljava/lang/Object;+0
j  java.security.ProtectionDomain$1.doIntersectionPrivilege(Ljava/security/PrivilegedAction;Ljava/security/AccessControlContext;Ljava/security/AccessControlContext;)Ljava/lang/Object;+28
j  java.security.ProtectionDomain$1.doIntersectionPrivilege(Ljava/security/PrivilegedAction;Ljava/security/AccessControlContext;)Ljava/lang/Object;+6
j  java.awt.EventQueue$4.run()Ljava/lang/Void;+11
j  java.awt.EventQueue$4.run()Ljava/lang/Object;+1
v  ~StubRoutines::call_stub
j  java.security.AccessController.doPrivileged(Ljava/security/PrivilegedAction;Ljava/security/AccessControlContext;)Ljava/lang/Object;+0
j  java.security.ProtectionDomain$1.doIntersectionPrivilege(Ljava/security/PrivilegedAction;Ljava/security/AccessControlContext;Ljava/security/AccessControlContext;)Ljava/lang/Object;+28
j  java.awt.EventQueue.dispatchEvent(Ljava/awt/AWTEvent;)V+73
j  java.awt.EventDispatchThread.pumpOneEventForFilters(I)V+245
j  java.awt.EventDispatchThread.pumpEventsForFilter(ILjava/awt/Conditional;Ljava/awt/EventFilter;)V+35
j  java.awt.EventDispatchThread.pumpEventsForFilter(Ljava/awt/Conditional;Ljava/awt/EventFilter;)V+4
j  java.awt.WaitDispatchSupport$2.run()V+59
j  java.awt.event.InvocationEvent.dispatch()V+47
j  java.awt.EventQueue.dispatchEventImpl(Ljava/awt/AWTEvent;Ljava/lang/Object;)V+21
j  java.awt.EventQueue.access$200(Ljava/awt/EventQueue;Ljava/awt/AWTEvent;Ljava/lang/Object;)V+3
j  java.awt.EventQueue$3.run()Ljava/lang/Void;+12
j  java.awt.EventQueue$3.run()Ljava/lang/Object;+1
v  ~StubRoutines::call_stub
j  java.security.AccessController.doPrivileged(Ljava/security/PrivilegedAction;Ljava/security/AccessControlContext;)Ljava/lang/Object;+0
j  java.security.ProtectionDomain$1.doIntersectionPrivilege(Ljava/security/PrivilegedAction;Ljava/security/AccessControlContext;Ljava/security/AccessControlContext;)Ljava/lang/Object;+28
j  java.awt.EventQueue.dispatchEvent(Ljava/awt/AWTEvent;)V+46
j  java.awt.EventDispatchThread.pumpOneEventForFilters(I)V+245
j  java.awt.EventDispatchThread.pumpEventsForFilter(ILjava/awt/Conditional;Ljava/awt/EventFilter;)V+35
j  java.awt.EventDispatchThread.pumpEventsForHierarchy(ILjava/awt/Conditional;Ljava/awt/Component;)V+11
j  java.awt.EventDispatchThread.pumpEvents(ILjava/awt/Conditional;)V+4
j  java.awt.EventDispatchThread.pumpEvents(Ljava/awt/Conditional;)V+3
j  java.awt.EventDispatchThread.run()V+9
v  ~StubRoutines::call_stub

---------------  P R O C E S S  ---------------

Java Threads: ( => current thread )
  0x043e4800 JavaThread "TimerQueue" daemon [_thread_blocked, id=8436, stack(0x05700000,0x05750000)]
=>0x04391c00 JavaThread "AWT-EventQueue-0" [_thread_in_vm, id=452, stack(0x05260000,0x052b0000)]
  0x04378400 JavaThread "AWT-Windows" daemon [_thread_in_native, id=15836, stack(0x04dc0000,0x04e10000)]
  0x04377800 JavaThread "AWT-Shutdown" [_thread_blocked, id=8256, stack(0x04d30000,0x04d80000)]
  0x04377000 JavaThread "Java2D Disposer" daemon [_thread_blocked, id=8780, stack(0x04ca0000,0x04cf0000)]
  0x01e12c00 JavaThread "Service Thread" daemon [_thread_blocked, id=1904, stack(0x04220000,0x04270000)]
  0x01e0e400 JavaThread "C1 CompilerThread0" daemon [_thread_blocked, id=9676, stack(0x04190000,0x041e0000)]
  0x01e0d000 JavaThread "Attach Listener" daemon [_thread_blocked, id=5040, stack(0x04100000,0x04150000)]
  0x01e0a000 JavaThread "Signal Dispatcher" daemon [_thread_blocked, id=12856, stack(0x04070000,0x040c0000)]
  0x01df4c00 JavaThread "Finalizer" daemon [_thread_blocked, id=8224, stack(0x03fe0000,0x04030000)]
  0x01df3400 JavaThread "Reference Handler" daemon [_thread_blocked, id=13372, stack(0x03f50000,0x03fa0000)]
  0x01cbac00 JavaThread "main" [_thread_blocked, id=17348, stack(0x00280000,0x002d0000)]

Other Threads:
  0x01df2000 VMThread [stack: 0x01d00000,0x01d50000] [id=14912]
  0x01e23800 WatcherThread [stack: 0x042b0000,0x04300000] [id=11064]

VM state:not at safepoint (normal execution)

VM Mutex/Monitor currently owned by a thread: None

Heap
 def new generation   total 4928K, used 1892K [0x24610000, 0x24b60000, 0x29b60000)
  eden space 4416K,  31% used [0x24610000, 0x24769150, 0x24a60000)
  from space 512K, 100% used [0x24ae0000, 0x24b60000, 0x24b60000)
  to   space 512K,   0% used [0x24a60000, 0x24a60000, 0x24ae0000)
 tenured generation   total 10944K, used 1302K [0x29b60000, 0x2a610000, 0x34610000)
   the space 10944K,  11% used [0x29b60000, 0x29ca5820, 0x29ca5a00, 0x2a610000)
 compacting perm gen  total 12288K, used 1743K [0x34610000, 0x35210000, 0x38610000)
   the space 12288K,  14% used [0x34610000, 0x347c3d80, 0x347c3e00, 0x35210000)
    ro space 10240K,  45% used [0x38610000, 0x38a97290, 0x38a97400, 0x39010000)
    rw space 12288K,  54% used [0x39010000, 0x3969ace8, 0x3969ae00, 0x39c10000)

Card table byte_map: [0x03e60000,0x03f10000] byte_map_base: 0x03d3cf80

Polling page: 0x002e0000

Code Cache  [0x01e60000, 0x01f50000, 0x03e60000)
 total_blobs=481 nmethods=248 adapters=168 free_code_cache=31821Kb largest_free_block=32584832

Compilation events (10 events):
Event: 14.023 Thread 0x01e0e400  244             javax.swing.JComponent::getY (5 bytes)
Event: 14.023 Thread 0x01e0e400 nmethod 244 0x01f4b148 code [0x01f4b240, 0x01f4b2c0]
Event: 14.023 Thread 0x01e0e400  245             sun.java2d.pipe.Region::dimAdd (20 bytes)
Event: 14.023 Thread 0x01e0e400 nmethod 245 0x01f4b308 code [0x01f4b400, 0x01f4b4a0]
Event: 14.024 Thread 0x01e0e400  246             sun.java2d.SunGraphics2D::getSurfaceData (5 bytes)
Event: 14.024 Thread 0x01e0e400 nmethod 246 0x01f4b508 code [0x01f4b600, 0x01f4b680]
Event: 14.025 Thread 0x01e0e400  247             javax.swing.text.Utilities::drawTabbedText (409 bytes)
Event: 14.026 Thread 0x01e0e400 nmethod 247 0x01f4b6c8 code [0x01f4b8a0, 0x01f4c01c]
Event: 14.091 Thread 0x01e0e400  248             java.awt.WaitDispatchSupport::access$300 (5 bytes)
Event: 14.092 Thread 0x01e0e400 nmethod 248 0x01f4c9c8 code [0x01f4cac0, 0x01f4cb30]

GC Heap History (2 events):
Event: 9.124 GC heap before
{Heap before GC invocations=0 (full 0):
 def new generation   total 4928K, used 4142K [0x24610000, 0x24b60000, 0x29b60000)
  eden space 4416K,  93% used [0x24610000, 0x24a1ba08, 0x24a60000)
  from space 512K,   0% used [0x24a60000, 0x24a60000, 0x24ae0000)
  to   space 512K,   0% used [0x24ae0000, 0x24ae0000, 0x24b60000)
 tenured generation   total 10944K, used 0K [0x29b60000, 0x2a610000, 0x34610000)
   the space 10944K,   0% used [0x29b60000, 0x29b60000, 0x29b60200, 0x2a610000)
 compacting perm gen  total 12288K, used 1623K [0x34610000, 0x35210000, 0x38610000)
   the space 12288K,  13% used [0x34610000, 0x347a5c68, 0x347a5e00, 0x35210000)
    ro space 10240K,  45% used [0x38610000, 0x38a97290, 0x38a97400, 0x39010000)
    rw space 12288K,  54% used [0x39010000, 0x3969ace8, 0x3969ae00, 0x39c10000)
Event: 9.131 GC heap after
Heap after GC invocations=1 (full 0):
 def new generation   total 4928K, used 512K [0x24610000, 0x24b60000, 0x29b60000)
  eden space 4416K,   0% used [0x24610000, 0x24610000, 0x24a60000)
  from space 512K, 100% used [0x24ae0000, 0x24b60000, 0x24b60000)
  to   space 512K,   0% used [0x24a60000, 0x24a60000, 0x24ae0000)
 tenured generation   total 10944K, used 1302K [0x29b60000, 0x2a610000, 0x34610000)
   the space 10944K,  11% used [0x29b60000, 0x29ca5820, 0x29ca5a00, 0x2a610000)
 compacting perm gen  total 12288K, used 1623K [0x34610000, 0x35210000, 0x38610000)
   the space 12288K,  13% used [0x34610000, 0x347a5c68, 0x347a5e00, 0x35210000)
    ro space 10240K,  45% used [0x38610000, 0x38a97290, 0x38a97400, 0x39010000)
    rw space 12288K,  54% used [0x39010000, 0x3969ace8, 0x3969ae00, 0x39c10000)
}

Deoptimization events (0 events):
No events

Internal exceptions (10 events):
Event: 1.549 Thread 0x04391c00 Threw 0x24805e70 at C:\jdk7u2_32P\jdk7u15\hotspot\src\share\vm\prims\jvm.cpp:1166
Event: 1.550 Thread 0x04391c00 Threw 0x24807510 at C:\jdk7u2_32P\jdk7u15\hotspot\src\share\vm\prims\jvm.cpp:1166
Event: 1.550 Thread 0x04391c00 Threw 0x24808b38 at C:\jdk7u2_32P\jdk7u15\hotspot\src\share\vm\prims\jvm.cpp:1166
Event: 7.836 Thread 0x04391c00 Threw 0x248e1ba8 at C:\jdk7u2_32P\jdk7u15\hotspot\src\share\vm\prims\jvm.cpp:1166
Event: 7.841 Thread 0x04391c00 Threw 0x248f08a8 at C:\jdk7u2_32P\jdk7u15\hotspot\src\share\vm\prims\jvm.cpp:1166
Event: 7.842 Thread 0x04391c00 Threw 0x248f23b0 at C:\jdk7u2_32P\jdk7u15\hotspot\src\share\vm\prims\jvm.cpp:1166
Event: 9.086 Thread 0x04391c00 Threw 0x249a1b98 at C:\jdk7u2_32P\jdk7u15\hotspot\src\share\vm\prims\jvm.cpp:1166
Event: 9.096 Thread 0x04391c00 Threw 0x249c2108 at C:\jdk7u2_32P\jdk7u15\hotspot\src\share\vm\prims\jvm.cpp:1166
Event: 9.110 Thread 0x04391c00 Threw 0x249caf40 at C:\jdk7u2_32P\jdk7u15\hotspot\src\share\vm\prims\jvm.cpp:1166
Event: 9.112 Thread 0x04391c00 Threw 0x249da790 at C:\jdk7u2_32P\jdk7u15\hotspot\src\share\vm\prims\jvm.cpp:1166

Events (10 events):
Event: 14.202 loading class 0x04362a18
Event: 14.202 loading class 0x04362a18 done
Event: 14.202 loading class 0x043e9828 done
Event: 14.202 loading class 0x01e44608
Event: 14.203 loading class 0x01e44608 done
Event: 14.203 loading class 0x01e44648 done
Event: 14.204 loading class 0x043eee10
Event: 14.204 loading class 0x043eee10 done
Event: 14.204 loading class 0x04406838
Event: 14.204 loading class 0x04406838 done


Dynamic libraries:
0x00330000 - 0x0035f000 	C:\Program Files (x86)\Java\jdk1.7.0_15\bin\java.exe
0x774e0000 - 0x7764e000 	C:\Windows\SYSTEM32\ntdll.dll
0x74e80000 - 0x74fc0000 	C:\Windows\SYSTEM32\KERNEL32.DLL
0x75450000 - 0x75527000 	C:\Windows\SYSTEM32\KERNELBASE.dll
0x63790000 - 0x63830000 	C:\Windows\system32\apphelp.dll
0x57320000 - 0x57586000 	C:\Windows\AppPatch\AcGenral.DLL
0x75fa0000 - 0x76063000 	C:\Windows\SYSTEM32\msvcrt.dll
0x756f0000 - 0x75731000 	C:\Windows\SYSTEM32\sechost.dll
0x74ce0000 - 0x74cfe000 	C:\Windows\SYSTEM32\SspiCli.dll
0x75d20000 - 0x75d65000 	C:\Windows\SYSTEM32\SHLWAPI.dll
0x66fa0000 - 0x6708d000 	C:\Windows\SYSTEM32\UxTheme.dll
0x75920000 - 0x75a73000 	C:\Windows\SYSTEM32\USER32.dll
0x75340000 - 0x7544e000 	C:\Windows\SYSTEM32\GDI32.dll
0x6f860000 - 0x6f883000 	C:\Windows\SYSTEM32\WINMM.dll
0x742a0000 - 0x742b3000 	C:\Windows\SYSTEM32\samcli.dll
0x75050000 - 0x75179000 	C:\Windows\SYSTEM32\ole32.dll
0x77350000 - 0x773e5000 	C:\Windows\SYSTEM32\OLEAUT32.dll
0x57300000 - 0x57317000 	C:\Windows\SYSTEM32\MSACM32.dll
0x749b0000 - 0x749b8000 	C:\Windows\SYSTEM32\VERSION.dll
0x760a0000 - 0x7734d000 	C:\Windows\SYSTEM32\SHELL32.dll
0x74990000 - 0x749ab000 	C:\Windows\SYSTEM32\USERENV.dll
0x66f80000 - 0x66f9a000 	C:\Windows\SYSTEM32\dwmapi.dll
0x693f0000 - 0x6953a000 	C:\Windows\SYSTEM32\urlmon.dll
0x75f00000 - 0x75f7c000 	C:\Windows\SYSTEM32\ADVAPI32.dll
0x57290000 - 0x572f5000 	C:\Windows\SYSTEM32\WINSPOOL.DRV
0x740f0000 - 0x74106000 	C:\Windows\SYSTEM32\MPR.dll
0x75b30000 - 0x75bea000 	C:\Windows\SYSTEM32\RPCRT4.dll
0x74cd0000 - 0x74cda000 	C:\Windows\SYSTEM32\CRYPTBASE.dll
0x74d00000 - 0x74e7d000 	C:\Windows\SYSTEM32\combase.dll
0x6f810000 - 0x6f833000 	C:\Windows\SYSTEM32\WINMMBASE.dll
0x74970000 - 0x7497f000 	C:\Windows\SYSTEM32\profapi.dll
0x691b0000 - 0x693e2000 	C:\Windows\SYSTEM32\iertutil.dll
0x68fc0000 - 0x691a4000 	C:\Windows\SYSTEM32\WININET.dll
0x74c70000 - 0x74cc4000 	C:\Windows\SYSTEM32\bcryptPrimitives.dll
0x75ae0000 - 0x75b1c000 	C:\Windows\SYSTEM32\cfgmgr32.dll
0x6f7e0000 - 0x6f801000 	C:\Windows\SYSTEM32\DEVOBJ.dll
0x73090000 - 0x7311b000 	C:\Windows\SYSTEM32\SHCORE.DLL
0x76070000 - 0x76097000 	C:\Windows\system32\IMM32.DLL
0x75180000 - 0x75292000 	C:\Windows\SYSTEM32\MSCTF.dll
0x66ca0000 - 0x66ea6000 	C:\Windows\WinSxS\x86_microsoft.windows.common-controls_6595b64144ccf1df_6.0.9600.17810_none_a9edf09f013934e0\COMCTL32.dll
0x668e0000 - 0x6699e000 	C:\Program Files (x86)\Java\jdk1.7.0_15\jre\bin\msvcr100.dll
0x5ec40000 - 0x5ef8c000 	C:\Program Files (x86)\Java\jdk1.7.0_15\jre\bin\client\jvm.dll
0x73020000 - 0x73028000 	C:\Windows\SYSTEM32\WSOCK32.dll
0x75b20000 - 0x75b26000 	C:\Windows\SYSTEM32\PSAPI.DLL
0x758d0000 - 0x75920000 	C:\Windows\SYSTEM32\WS2_32.dll
0x773f0000 - 0x773f7000 	C:\Windows\SYSTEM32\NSI.dll
0x66af0000 - 0x66afc000 	C:\Program Files (x86)\Java\jdk1.7.0_15\jre\bin\verify.dll
0x66880000 - 0x668a0000 	C:\Program Files (x86)\Java\jdk1.7.0_15\jre\bin\java.dll
0x66860000 - 0x66873000 	C:\Program Files (x86)\Java\jdk1.7.0_15\jre\bin\zip.dll
0x57280000 - 0x5728e000 	C:\Program Files (x86)\Java\jdk1.7.0_15\jre\bin\JdbcOdbc.dll
0x57e30000 - 0x57ed9000 	C:\Windows\SYSTEM32\ODBC32.dll
0x72980000 - 0x7299e000 	C:\Windows\SYSTEM32\bcrypt.dll
0x57d30000 - 0x57de2000 	C:\Windows\system32\SQLSRV32.dll
0x75740000 - 0x758c8000 	C:\Windows\SYSTEM32\CRYPT32.dll
0x74360000 - 0x74373000 	C:\Windows\system32\NETAPI32.dll
0x77400000 - 0x7740e000 	C:\Windows\SYSTEM32\MSASN1.dll
0x74300000 - 0x7430a000 	C:\Windows\system32\netutils.dll
0x742e0000 - 0x742fd000 	C:\Windows\system32\srvcli.dll
0x742c0000 - 0x742d1000 	C:\Windows\system32\wkscli.dll
0x672b0000 - 0x672b8000 	C:\Windows\system32\DPAPI.DLL
0x56730000 - 0x5674f000 	C:\Windows\system32\odbccp32.dll
0x56710000 - 0x5672f000 	C:\Windows\SYSTEM32\DBNETLIB.DLL
0x58680000 - 0x58683000 	C:\Windows\SYSTEM32\security.dll
0x74980000 - 0x7498a000 	C:\Windows\SYSTEM32\SECUR32.DLL
0x584d0000 - 0x58524000 	C:\Windows\SYSTEM32\msv1_0.DLL
0x58530000 - 0x58544000 	C:\Windows\SYSTEM32\cryptdll.dll
0x584b0000 - 0x584ca000 	C:\Windows\SYSTEM32\ntdsapi.dll
0x584a0000 - 0x584aa000 	C:\Windows\SYSTEM32\DSPARSE.DLL
0x731a0000 - 0x731eb000 	C:\Windows\system32\mswsock.dll
0x715e0000 - 0x7165e000 	C:\Windows\SYSTEM32\DNSAPI.dll
0x71590000 - 0x71598000 	C:\Windows\System32\rasadhlp.dll
0x74460000 - 0x74480000 	C:\Windows\SYSTEM32\IPHLPAPI.DLL
0x74350000 - 0x74358000 	C:\Windows\SYSTEM32\WINNSI.DLL
0x6a9a0000 - 0x6a9e6000 	C:\Windows\System32\fwpuclnt.dll
0x58620000 - 0x5867c000 	C:\Windows\SYSTEM32\schannel.dll
0x71570000 - 0x7158f000 	C:\Windows\SYSTEM32\ncrypt.dll
0x71540000 - 0x71569000 	C:\Windows\SYSTEM32\NTASN1.dll
0x58450000 - 0x58468000 	C:\Windows\system32\ncryptsslp.dll
0x56700000 - 0x56709000 	C:\Windows\SYSTEM32\netbios.dll
0x666e0000 - 0x66822000 	C:\Program Files (x86)\Java\jdk1.7.0_15\jre\bin\awt.dll
0x74280000 - 0x74289000 	C:\Windows\SYSTEM32\kernel.appcore.dll
0x666b0000 - 0x666da000 	C:\Program Files (x86)\Java\jdk1.7.0_15\jre\bin\fontmanager.dll
0x66840000 - 0x66854000 	C:\Program Files (x86)\Java\jdk1.7.0_15\jre\bin\net.dll
0x66830000 - 0x6683e000 	C:\Program Files (x86)\Java\jdk1.7.0_15\jre\bin\nio.dll
0x63750000 - 0x63781000 	C:\Program Files (x86)\Java\jdk1.7.0_15\jre\bin\t2k.dll
0x75c90000 - 0x75d1d000 	C:\Windows\SYSTEM32\clbcatq.dll
0x663e0000 - 0x6654b000 	C:\Windows\SYSTEM32\WindowsCodecs.dll
0x729d0000 - 0x729e9000 	C:\Windows\SYSTEM32\CRYPTSP.dll
0x729a0000 - 0x729d0000 	C:\Windows\system32\rsaenh.dll
0x565b0000 - 0x566f1000 	C:\Windows\SYSTEM32\dbghelp.dll

VM Arguments:
jvm_args: -Dfile.encoding=UTF-8 
java_command: quiz.Quiz
Launcher Type: SUN_STANDARD

Environment Variables:
PATH=C:\Program Files\Broadcom\Broadcom 802.11;;;;C:\Program Files (x86)\Intel\iCLS Client\;C:\Program Files\Intel\iCLS Client\;C:\Windows\system32;C:\Windows;C:\Windows\System32\Wbem;C:\Windows\System32\WindowsPowerShell\v1.0\;C:\Program Files\Hewlett-Packard\SimplePass\;C:\Program Files (x86)\NVIDIA Corporation\PhysX\Common;C:\Program Files\Intel\Intel(R) Management Engine Components\DAL;C:\Program Files\Intel\Intel(R) Management Engine Components\IPT;C:\Program Files (x86)\Intel\Intel(R) Management Engine Components\DAL;C:\Program Files (x86)\Intel\Intel(R) Management Engine Components\IPT;C:\Program Files (x86)\Microsoft SQL Server\100\Tools\Binn\;C:\Program Files\Microsoft SQL Server\100\Tools\Binn\;C:\Program Files\Microsoft SQL Server\100\DTS\Binn\;C:\Program Files (x86)\Microsoft SQL Server\100\Tools\Binn\VSShell\Common7\IDE\;C:\Program Files (x86)\Microsoft SQL Server\100\DTS\Binn\;C:\Program Files (x86)\Java\jdk1.7.0_15\bin
USERNAME=hp1
OS=Windows_NT
PROCESSOR_IDENTIFIER=Intel64 Family 6 Model 69 Stepping 1, GenuineIntel



---------------  S Y S T E M  ---------------

OS: Windows 8 , 64 bit Build 9200 

CPU:total 4 (2 cores per cpu, 2 threads per core) family 6 model 69 stepping 1, cmov, cx8, fxsr, mmx, sse, sse2, sse3, ssse3, sse4.1, sse4.2, popcnt, avx, avx2, ht, tsc, tscinvbit

Memory: 4k page, physical 8317080k(5474596k free), swap 16705688k(13289672k free)

vm_info: Java HotSpot(TM) Client VM (23.7-b01) for windows-x86 JRE (1.7.0_15-b03), built on Feb 15 2013 14:01:25 by "java_re" with unknown MS VC++:1600

time: Thu Jul 16 11:44:48 2015
elapsed time: 14 seconds

